```sql
Query Text: /*
	* Select stations with random criteria.
	*
	* EXEC SCRIPT:
	psql [DB-NAME] < transactions/backup_transaction5.sql
	*/
	SELECT stations.name, date_created, nr_platforms, distance
	FROM stations JOIN cities ON city = city_id
	JOIN countries ON country = country_id
	CROSS JOIN routes
	WHERE (
		start_station = station_id
		OR end_station = station_id
	)
	AND country = (
		SELECT country_id
		FROM countries
		WHERE name = 'United States'
	)
	AND nr_platforms > 5
	AND (EXTRACT(year FROM date_created)) > 1950
	AND distance > 1000;
	Hash Join  (cost=5406.49..36903.08 rows=9768 width=44)
	  Hash Cond: (stations.city = cities_10.city_id)
	  InitPlan 1 (returns $0)
	    ->  Seq Scan on countries countries_1  (cost=0.00..4.79 rows=1 width=4)
	          Filter: ((name)::text = 'United States'::text)
	  ->  Nested Loop  (cost=0.66..31151.45 rows=1449 width=48)
	        ->  Seq Scan on routes  (cost=0.00..369.54 rows=6521 width=12)
	              Filter: (distance > 1000)
	        ->  Bitmap Heap Scan on stations  (cost=0.66..4.71 rows=1 width=48)
	              Recheck Cond: ((routes.start_station = station_id) OR (routes.end_station = station_id))
	              Filter: ((nr_platforms > 5) AND (date_part('year'::text, (date_created)::timestamp without time zone) > '1950'::double precision))
	              ->  BitmapOr  (cost=0.66..0.66 rows=2 width=0)
	                    ->  Bitmap Index Scan on stations_pkey  (cost=0.00..0.33 rows=1 width=0)
	                          Index Cond: (station_id = routes.start_station)
	                    ->  Bitmap Index Scan on stations_pkey  (cost=0.00..0.33 rows=1 width=0)
	                          Index Cond: (station_id = routes.end_station)
	  ->  Hash  (cost=5384.19..5384.19 rows=1348 width=4)
	        Buckets: 8192 (originally 2048)  Batches: 1 (originally 1)  Memory Usage: 210kB
	        ->  Nested Loop  (cost=1000.00..5384.19 rows=1348 width=4)
	              ->  Seq Scan on countries  (cost=0.00..4.79 rows=1 width=4)
	                    Filter: (country_id = $0)
	              ->  Gather  (cost=1000.00..5365.92 rows=1348 width=8)
	                    Workers Planned: 2
	                    Params Evaluated: $0
	                    ->  Parallel Append  (cost=0.00..4231.12 rows=672 width=8)
	                          ->  Parallel Seq Scan on cities_10  (cost=0.00..48.94 rows=9 width=8)
	                                Filter: (country = $0)
	                          ->  Parallel Seq Scan on cities_1  (cost=0.00..18.82 rows=4 width=8)
	                                Filter: (country = $0)
	                          ->  Parallel Seq Scan on cities_2  (cost=0.00..18.82 rows=4 width=8)
	                                Filter: (country = $0)
	                          ->  Parallel Seq Scan on cities_3  (cost=0.00..18.82 rows=4 width=8)
	                                Filter: (country = $0)
	                          ->  Parallel Seq Scan on cities_4  (cost=0.00..18.82 rows=4 width=8)
	                                Filter: (country = $0)
	                          ->  Parallel Seq Scan on cities_5  (cost=0.00..18.82 rows=4 width=8)
	                                Filter: (country = $0)
	                          ->  Parallel Seq Scan on cities_6  (cost=0.00..18.82 rows=4 width=8)
	                                Filter: (country = $0)
	                          ->  Parallel Seq Scan on cities_7  (cost=0.00..18.82 rows=4 width=8)
	                                Filter: (country = $0)
	                          ->  Parallel Seq Scan on cities_8  (cost=0.00..18.82 rows=4 width=8)
	                                Filter: (country = $0)
	                          ->  Parallel Seq Scan on cities_9  (cost=0.00..18.82 rows=4 width=8)
	                                Filter: (country = $0)
	                          ->  Parallel Seq Scan on cities_11  (cost=0.00..18.82 rows=4 width=8)
	                                Filter: (country = $0)
	                          ->  Parallel Seq Scan on cities_12  (cost=0.00..18.82 rows=4 width=8)
	                                Filter: (country = $0)
	                          ->  Parallel Seq Scan on cities_13  (cost=0.00..18.82 rows=4 width=8)
	                                Filter: (country = $0)
	                          ->  Parallel Seq Scan on cities_14  (cost=0.00..18.82 rows=4 width=8)
	                                Filter: (country = $0)
	                          ->  Parallel Seq Scan on cities_15  (cost=0.00..18.82 rows=4 width=8)
	                                Filter: (country = $0)
	                          ->  Parallel Seq Scan on cities_16  (cost=0.00..18.82 rows=4 width=8)
	                                Filter: (country = $0)
	                          ->  Parallel Seq Scan on cities_17  (cost=0.00..18.82 rows=4 width=8)
	                                Filter: (country = $0)
	                          ->  Parallel Seq Scan on cities_18  (cost=0.00..18.82 rows=4 width=8)
	                                Filter: (country = $0)
	                          ->  Parallel Seq Scan on cities_19  (cost=0.00..18.82 rows=4 width=8)
	                                Filter: (country = $0)
	                          ->  Parallel Seq Scan on cities_20  (cost=0.00..18.82 rows=4 width=8)
	                                Filter: (country = $0)
	                          ->  Parallel Seq Scan on cities_21  (cost=0.00..18.82 rows=4 width=8)
	                                Filter: (country = $0)
	                          ->  Parallel Seq Scan on cities_22  (cost=0.00..18.82 rows=4 width=8)
	                                Filter: (country = $0)
	                          ->  Parallel Seq Scan on cities_23  (cost=0.00..18.82 rows=4 width=8)
	                                Filter: (country = $0)
	                          ->  Parallel Seq Scan on cities_24  (cost=0.00..18.82 rows=4 width=8)
	                                Filter: (country = $0)
	                          ->  Parallel Seq Scan on cities_25  (cost=0.00..18.82 rows=4 width=8)
	                                Filter: (country = $0)
	                          ->  Parallel Seq Scan on cities_26  (cost=0.00..18.82 rows=4 width=8)
	                                Filter: (country = $0)
	                          ->  Parallel Seq Scan on cities_27  (cost=0.00..18.82 rows=4 width=8)
	                                Filter: (country = $0)
	                          ->  Parallel Seq Scan on cities_28  (cost=0.00..18.82 rows=4 width=8)
	                                Filter: (country = $0)
	                          ->  Parallel Seq Scan on cities_29  (cost=0.00..18.82 rows=4 width=8)
	                                Filter: (country = $0)
	                          ->  Parallel Seq Scan on cities_30  (cost=0.00..18.82 rows=4 width=8)
	                                Filter: (country = $0)
	                          ->  Parallel Seq Scan on cities_31  (cost=0.00..18.82 rows=4 width=8)
	                                Filter: (country = $0)
	                          ->  Parallel Seq Scan on cities_32  (cost=0.00..18.82 rows=4 width=8)
	                                Filter: (country = $0)
	                          ->  Parallel Seq Scan on cities_33  (cost=0.00..18.82 rows=4 width=8)
	                                Filter: (country = $0)
	                          ->  Parallel Seq Scan on cities_34  (cost=0.00..18.82 rows=4 width=8)
	                                Filter: (country = $0)
	                          ->  Parallel Seq Scan on cities_35  (cost=0.00..18.82 rows=4 width=8)
	                                Filter: (country = $0)
	                          ->  Parallel Seq Scan on cities_36  (cost=0.00..18.82 rows=4 width=8)
	                                Filter: (country = $0)
	                          ->  Parallel Seq Scan on cities_37  (cost=0.00..18.82 rows=4 width=8)
	                                Filter: (country = $0)
	                          ->  Parallel Seq Scan on cities_38  (cost=0.00..18.82 rows=4 width=8)
	                                Filter: (country = $0)
	                          ->  Parallel Seq Scan on cities_39  (cost=0.00..18.82 rows=4 width=8)
	                                Filter: (country = $0)
	                          ->  Parallel Seq Scan on cities_40  (cost=0.00..18.82 rows=4 width=8)
	                                Filter: (country = $0)
	                          ->  Parallel Seq Scan on cities_41  (cost=0.00..18.82 rows=4 width=8)
	                                Filter: (country = $0)
	                          ->  Parallel Seq Scan on cities_42  (cost=0.00..18.82 rows=4 width=8)
	                                Filter: (country = $0)
	                          ->  Parallel Seq Scan on cities_43  (cost=0.00..18.82 rows=4 width=8)
	                                Filter: (country = $0)
	                          ->  Parallel Seq Scan on cities_44  (cost=0.00..18.82 rows=4 width=8)
	                                Filter: (country = $0)
	                          ->  Parallel Seq Scan on cities_45  (cost=0.00..18.82 rows=4 width=8)
	                                Filter: (country = $0)
	                          ->  Parallel Seq Scan on cities_46  (cost=0.00..18.82 rows=4 width=8)
	                                Filter: (country = $0)
	                          ->  Parallel Seq Scan on cities_47  (cost=0.00..18.82 rows=4 width=8)
	                                Filter: (country = $0)
	                          ->  Parallel Seq Scan on cities_48  (cost=0.00..18.82 rows=4 width=8)
	                                Filter: (country = $0)
	                          ->  Parallel Seq Scan on cities_49  (cost=0.00..18.82 rows=4 width=8)
	                                Filter: (country = $0)
	                          ->  Parallel Seq Scan on cities_50  (cost=0.00..18.82 rows=4 width=8)
	                                Filter: (country = $0)
	                          ->  Parallel Seq Scan on cities_51  (cost=0.00..18.82 rows=4 width=8)
	                                Filter: (country = $0)
	                          ->  Parallel Seq Scan on cities_52  (cost=0.00..18.82 rows=4 width=8)
	                                Filter: (country = $0)
	                          ->  Parallel Seq Scan on cities_53  (cost=0.00..18.82 rows=4 width=8)
	                                Filter: (country = $0)
	                          ->  Parallel Seq Scan on cities_54  (cost=0.00..18.82 rows=4 width=8)
	                                Filter: (country = $0)
	                          ->  Parallel Seq Scan on cities_55  (cost=0.00..18.82 rows=4 width=8)
	                                Filter: (country = $0)
	                          ->  Parallel Seq Scan on cities_56  (cost=0.00..18.82 rows=4 width=8)
	                                Filter: (country = $0)
	                          ->  Parallel Seq Scan on cities_57  (cost=0.00..18.82 rows=4 width=8)
	                                Filter: (country = $0)
	                          ->  Parallel Seq Scan on cities_58  (cost=0.00..18.82 rows=4 width=8)
	                                Filter: (country = $0)
	                          ->  Parallel Seq Scan on cities_59  (cost=0.00..18.82 rows=4 width=8)
	                                Filter: (country = $0)
	                          ->  Parallel Seq Scan on cities_60  (cost=0.00..18.82 rows=4 width=8)
	                                Filter: (country = $0)
	                          ->  Parallel Seq Scan on cities_61  (cost=0.00..18.82 rows=4 width=8)
	                                Filter: (country = $0)
	                          ->  Parallel Seq Scan on cities_62  (cost=0.00..18.82 rows=4 width=8)
	                                Filter: (country = $0)
	                          ->  Parallel Seq Scan on cities_63  (cost=0.00..18.82 rows=4 width=8)
	                                Filter: (country = $0)
	                          ->  Parallel Seq Scan on cities_64  (cost=0.00..18.82 rows=4 width=8)
	                                Filter: (country = $0)
	                          ->  Parallel Seq Scan on cities_65  (cost=0.00..18.82 rows=4 width=8)
	                                Filter: (country = $0)
	                          ->  Parallel Seq Scan on cities_66  (cost=0.00..18.82 rows=4 width=8)
	                                Filter: (country = $0)
	                          ->  Parallel Seq Scan on cities_67  (cost=0.00..18.82 rows=4 width=8)
	                                Filter: (country = $0)
	                          ->  Parallel Seq Scan on cities_68  (cost=0.00..18.82 rows=4 width=8)
	                                Filter: (country = $0)
	                          ->  Parallel Seq Scan on cities_69  (cost=0.00..18.82 rows=4 width=8)
	                                Filter: (country = $0)
	                          ->  Parallel Seq Scan on cities_70  (cost=0.00..18.82 rows=4 width=8)
	                                Filter: (country = $0)
	                          ->  Parallel Seq Scan on cities_71  (cost=0.00..18.82 rows=4 width=8)
	                                Filter: (country = $0)
	                          ->  Parallel Seq Scan on cities_72  (cost=0.00..18.82 rows=4 width=8)
	                                Filter: (country = $0)
	                          ->  Parallel Seq Scan on cities_73  (cost=0.00..18.82 rows=4 width=8)
	                                Filter: (country = $0)
	                          ->  Parallel Seq Scan on cities_74  (cost=0.00..18.82 rows=4 width=8)
	                                Filter: (country = $0)
	                          ->  Parallel Seq Scan on cities_75  (cost=0.00..18.82 rows=4 width=8)
	                                Filter: (country = $0)
	                          ->  Parallel Seq Scan on cities_76  (cost=0.00..18.82 rows=4 width=8)
	                                Filter: (country = $0)
	                          ->  Parallel Seq Scan on cities_77  (cost=0.00..18.82 rows=4 width=8)
	                                Filter: (country = $0)
	                          ->  Parallel Seq Scan on cities_78  (cost=0.00..18.82 rows=4 width=8)
	                                Filter: (country = $0)
	                          ->  Parallel Seq Scan on cities_79  (cost=0.00..18.82 rows=4 width=8)
	                                Filter: (country = $0)
	                          ->  Parallel Seq Scan on cities_80  (cost=0.00..18.82 rows=4 width=8)
	                                Filter: (country = $0)
	                          ->  Parallel Seq Scan on cities_81  (cost=0.00..18.82 rows=4 width=8)
	                                Filter: (country = $0)
	                          ->  Parallel Seq Scan on cities_82  (cost=0.00..18.82 rows=4 width=8)
	                                Filter: (country = $0)
	                          ->  Parallel Seq Scan on cities_83  (cost=0.00..18.82 rows=4 width=8)
	                                Filter: (country = $0)
	                          ->  Parallel Seq Scan on cities_84  (cost=0.00..18.82 rows=4 width=8)
	                                Filter: (country = $0)
	                          ->  Parallel Seq Scan on cities_85  (cost=0.00..18.82 rows=4 width=8)
	                                Filter: (country = $0)
	                          ->  Parallel Seq Scan on cities_86  (cost=0.00..18.82 rows=4 width=8)
	                                Filter: (country = $0)
	                          ->  Parallel Seq Scan on cities_87  (cost=0.00..18.82 rows=4 width=8)
	                                Filter: (country = $0)
	                          ->  Parallel Seq Scan on cities_88  (cost=0.00..18.82 rows=4 width=8)
	                                Filter: (country = $0)
	                          ->  Parallel Seq Scan on cities_89  (cost=0.00..18.82 rows=4 width=8)
	                                Filter: (country = $0)
	                          ->  Parallel Seq Scan on cities_90  (cost=0.00..18.82 rows=4 width=8)
	                                Filter: (country = $0)
	                          ->  Parallel Seq Scan on cities_91  (cost=0.00..18.82 rows=4 width=8)
	                                Filter: (country = $0)
	                          ->  Parallel Seq Scan on cities_92  (cost=0.00..18.82 rows=4 width=8)
	                                Filter: (country = $0)
	                          ->  Parallel Seq Scan on cities_93  (cost=0.00..18.82 rows=4 width=8)
	                                Filter: (country = $0)
	                          ->  Parallel Seq Scan on cities_94  (cost=0.00..18.82 rows=4 width=8)
	                                Filter: (country = $0)
	                          ->  Parallel Seq Scan on cities_95  (cost=0.00..18.82 rows=4 width=8)
	                                Filter: (country = $0)
	                          ->  Parallel Seq Scan on cities_96  (cost=0.00..18.82 rows=4 width=8)
	                                Filter: (country = $0)
	                          ->  Parallel Seq Scan on cities_97  (cost=0.00..18.82 rows=4 width=8)
	                                Filter: (country = $0)
	                          ->  Parallel Seq Scan on cities_98  (cost=0.00..18.82 rows=4 width=8)
	                                Filter: (country = $0)
	                          ->  Parallel Seq Scan on cities_99  (cost=0.00..18.82 rows=4 width=8)
	                                Filter: (country = $0)
	                          ->  Parallel Seq Scan on cities_100  (cost=0.00..18.82 rows=4 width=8)
	                                Filter: (country = $0)
	                          ->  Parallel Seq Scan on cities_101  (cost=0.00..18.82 rows=4 width=8)
	                                Filter: (country = $0)
	                          ->  Parallel Seq Scan on cities_102  (cost=0.00..18.82 rows=4 width=8)
	                                Filter: (country = $0)
	                          ->  Parallel Seq Scan on cities_103  (cost=0.00..18.82 rows=4 width=8)
	                                Filter: (country = $0)
	                          ->  Parallel Seq Scan on cities_104  (cost=0.00..18.82 rows=4 width=8)
	                                Filter: (country = $0)
	                          ->  Parallel Seq Scan on cities_105  (cost=0.00..18.82 rows=4 width=8)
	                                Filter: (country = $0)
	                          ->  Parallel Seq Scan on cities_106  (cost=0.00..18.82 rows=4 width=8)
	                                Filter: (country = $0)
	                          ->  Parallel Seq Scan on cities_107  (cost=0.00..18.82 rows=4 width=8)
	                                Filter: (country = $0)
	                          ->  Parallel Seq Scan on cities_108  (cost=0.00..18.82 rows=4 width=8)
	                                Filter: (country = $0)
	                          ->  Parallel Seq Scan on cities_109  (cost=0.00..18.82 rows=4 width=8)
	                                Filter: (country = $0)
	                          ->  Parallel Seq Scan on cities_110  (cost=0.00..18.82 rows=4 width=8)
	                                Filter: (country = $0)
	                          ->  Parallel Seq Scan on cities_111  (cost=0.00..18.82 rows=4 width=8)
	                                Filter: (country = $0)
	                          ->  Parallel Seq Scan on cities_112  (cost=0.00..18.82 rows=4 width=8)
	                                Filter: (country = $0)
	                          ->  Parallel Seq Scan on cities_113  (cost=0.00..18.82 rows=4 width=8)
	                                Filter: (country = $0)
	                          ->  Parallel Seq Scan on cities_114  (cost=0.00..18.82 rows=4 width=8)
	                                Filter: (country = $0)
	                          ->  Parallel Seq Scan on cities_115  (cost=0.00..18.82 rows=4 width=8)
	                                Filter: (country = $0)
	                          ->  Parallel Seq Scan on cities_116  (cost=0.00..18.82 rows=4 width=8)
	                                Filter: (country = $0)
	                          ->  Parallel Seq Scan on cities_117  (cost=0.00..18.82 rows=4 width=8)
	                                Filter: (country = $0)
	                          ->  Parallel Seq Scan on cities_118  (cost=0.00..18.82 rows=4 width=8)
	                                Filter: (country = $0)
	                          ->  Parallel Seq Scan on cities_119  (cost=0.00..18.82 rows=4 width=8)
	                                Filter: (country = $0)
	                          ->  Parallel Seq Scan on cities_120  (cost=0.00..18.82 rows=4 width=8)
	                                Filter: (country = $0)
	                          ->  Parallel Seq Scan on cities_121  (cost=0.00..18.82 rows=4 width=8)
	                                Filter: (country = $0)
	                          ->  Parallel Seq Scan on cities_122  (cost=0.00..18.82 rows=4 width=8)
	                                Filter: (country = $0)
	                          ->  Parallel Seq Scan on cities_123  (cost=0.00..18.82 rows=4 width=8)
	                                Filter: (country = $0)
	                          ->  Parallel Seq Scan on cities_124  (cost=0.00..18.82 rows=4 width=8)
	                                Filter: (country = $0)
	                          ->  Parallel Seq Scan on cities_125  (cost=0.00..18.82 rows=4 width=8)
	                                Filter: (country = $0)
	                          ->  Parallel Seq Scan on cities_126  (cost=0.00..18.82 rows=4 width=8)
	                                Filter: (country = $0)
	                          ->  Parallel Seq Scan on cities_127  (cost=0.00..18.82 rows=4 width=8)
	                                Filter: (country = $0)
	                          ->  Parallel Seq Scan on cities_128  (cost=0.00..18.82 rows=4 width=8)
	                                Filter: (country = $0)
	                          ->  Parallel Seq Scan on cities_129  (cost=0.00..18.82 rows=4 width=8)
	                                Filter: (country = $0)
	                          ->  Parallel Seq Scan on cities_130  (cost=0.00..18.82 rows=4 width=8)
	                                Filter: (country = $0)
	                          ->  Parallel Seq Scan on cities_131  (cost=0.00..18.82 rows=4 width=8)
	                                Filter: (country = $0)
	                          ->  Parallel Seq Scan on cities_132  (cost=0.00..18.82 rows=4 width=8)
	                                Filter: (country = $0)
	                          ->  Parallel Seq Scan on cities_133  (cost=0.00..18.82 rows=4 width=8)
	                                Filter: (country = $0)
	                          ->  Parallel Seq Scan on cities_134  (cost=0.00..18.82 rows=4 width=8)
	                                Filter: (country = $0)
	                          ->  Parallel Seq Scan on cities_135  (cost=0.00..18.82 rows=4 width=8)
	                                Filter: (country = $0)
	                          ->  Parallel Seq Scan on cities_136  (cost=0.00..18.82 rows=4 width=8)
	                                Filter: (country = $0)
	                          ->  Parallel Seq Scan on cities_137  (cost=0.00..18.82 rows=4 width=8)
	                                Filter: (country = $0)
	                          ->  Parallel Seq Scan on cities_138  (cost=0.00..18.82 rows=4 width=8)
	                                Filter: (country = $0)
	                          ->  Parallel Seq Scan on cities_139  (cost=0.00..18.82 rows=4 width=8)
	                                Filter: (country = $0)
	                          ->  Parallel Seq Scan on cities_140  (cost=0.00..18.82 rows=4 width=8)
	                                Filter: (country = $0)
	                          ->  Parallel Seq Scan on cities_141  (cost=0.00..18.82 rows=4 width=8)
	                                Filter: (country = $0)
	                          ->  Parallel Seq Scan on cities_142  (cost=0.00..18.82 rows=4 width=8)
	                                Filter: (country = $0)
	                          ->  Parallel Seq Scan on cities_143  (cost=0.00..18.82 rows=4 width=8)
	                                Filter: (country = $0)
	                          ->  Parallel Seq Scan on cities_144  (cost=0.00..18.82 rows=4 width=8)
	                                Filter: (country = $0)
	                          ->  Parallel Seq Scan on cities_145  (cost=0.00..18.82 rows=4 width=8)
	                                Filter: (country = $0)
	                          ->  Parallel Seq Scan on cities_146  (cost=0.00..18.82 rows=4 width=8)
	                                Filter: (country = $0)
	                          ->  Parallel Seq Scan on cities_147  (cost=0.00..18.82 rows=4 width=8)
	                                Filter: (country = $0)
	                          ->  Parallel Seq Scan on cities_148  (cost=0.00..18.82 rows=4 width=8)
	                                Filter: (country = $0)
	                          ->  Parallel Seq Scan on cities_149  (cost=0.00..18.82 rows=4 width=8)
	                                Filter: (country = $0)
	                          ->  Parallel Seq Scan on cities_150  (cost=0.00..18.82 rows=4 width=8)
	                                Filter: (country = $0)
	                          ->  Parallel Seq Scan on cities_151  (cost=0.00..18.82 rows=4 width=8)
	                                Filter: (country = $0)
	                          ->  Parallel Seq Scan on cities_152  (cost=0.00..18.82 rows=4 width=8)
	                                Filter: (country = $0)
	                          ->  Parallel Seq Scan on cities_153  (cost=0.00..18.82 rows=4 width=8)
	                                Filter: (country = $0)
	                          ->  Parallel Seq Scan on cities_154  (cost=0.00..18.82 rows=4 width=8)
	                                Filter: (country = $0)
	                          ->  Parallel Seq Scan on cities_155  (cost=0.00..18.82 rows=4 width=8)
	                                Filter: (country = $0)
	                          ->  Parallel Seq Scan on cities_156  (cost=0.00..18.82 rows=4 width=8)
	                                Filter: (country = $0)
	                          ->  Parallel Seq Scan on cities_157  (cost=0.00..18.82 rows=4 width=8)
	                                Filter: (country = $0)
	                          ->  Parallel Seq Scan on cities_158  (cost=0.00..18.82 rows=4 width=8)
	                                Filter: (country = $0)
	                          ->  Parallel Seq Scan on cities_159  (cost=0.00..18.82 rows=4 width=8)
	                                Filter: (country = $0)
	                          ->  Parallel Seq Scan on cities_160  (cost=0.00..18.82 rows=4 width=8)
	                                Filter: (country = $0)
	                          ->  Parallel Seq Scan on cities_161  (cost=0.00..18.82 rows=4 width=8)
	                                Filter: (country = $0)
	                          ->  Parallel Seq Scan on cities_162  (cost=0.00..18.82 rows=4 width=8)
	                                Filter: (country = $0)
	                          ->  Parallel Seq Scan on cities_163  (cost=0.00..18.82 rows=4 width=8)
	                                Filter: (country = $0)
	                          ->  Parallel Seq Scan on cities_164  (cost=0.00..18.82 rows=4 width=8)
	                                Filter: (country = $0)
	                          ->  Parallel Seq Scan on cities_165  (cost=0.00..18.82 rows=4 width=8)
	                                Filter: (country = $0)
	                          ->  Parallel Seq Scan on cities_166  (cost=0.00..18.82 rows=4 width=8)
	                                Filter: (country = $0)
	                          ->  Parallel Seq Scan on cities_167  (cost=0.00..18.82 rows=4 width=8)
	                                Filter: (country = $0)
	                          ->  Parallel Seq Scan on cities_168  (cost=0.00..18.82 rows=4 width=8)
	                                Filter: (country = $0)
	                          ->  Parallel Seq Scan on cities_169  (cost=0.00..18.82 rows=4 width=8)
	                                Filter: (country = $0)
	                          ->  Parallel Seq Scan on cities_170  (cost=0.00..18.82 rows=4 width=8)
	                                Filter: (country = $0)
	                          ->  Parallel Seq Scan on cities_171  (cost=0.00..18.82 rows=4 width=8)
	                                Filter: (country = $0)
	                          ->  Parallel Seq Scan on cities_172  (cost=0.00..18.82 rows=4 width=8)
	                                Filter: (country = $0)
	                          ->  Parallel Seq Scan on cities_173  (cost=0.00..18.82 rows=4 width=8)
	                                Filter: (country = $0)
	                          ->  Parallel Seq Scan on cities_174  (cost=0.00..18.82 rows=4 width=8)
	                                Filter: (country = $0)
	                          ->  Parallel Seq Scan on cities_175  (cost=0.00..18.82 rows=4 width=8)
	                                Filter: (country = $0)
	                          ->  Parallel Seq Scan on cities_176  (cost=0.00..18.82 rows=4 width=8)
	                                Filter: (country = $0)
	                          ->  Parallel Seq Scan on cities_177  (cost=0.00..18.82 rows=4 width=8)
	                                Filter: (country = $0)
	                          ->  Parallel Seq Scan on cities_178  (cost=0.00..18.82 rows=4 width=8)
	                                Filter: (country = $0)
	                          ->  Parallel Seq Scan on cities_179  (cost=0.00..18.82 rows=4 width=8)
	                                Filter: (country = $0)
	                          ->  Parallel Seq Scan on cities_180  (cost=0.00..18.82 rows=4 width=8)
	                                Filter: (country = $0)
	                          ->  Parallel Seq Scan on cities_181  (cost=0.00..18.82 rows=4 width=8)
	                                Filter: (country = $0)
	                          ->  Parallel Seq Scan on cities_182  (cost=0.00..18.82 rows=4 width=8)
	                                Filter: (country = $0)
	                          ->  Parallel Seq Scan on cities_183  (cost=0.00..18.82 rows=4 width=8)
	                                Filter: (country = $0)
	                          ->  Parallel Seq Scan on cities_184  (cost=0.00..18.82 rows=4 width=8)
	                                Filter: (country = $0)
	                          ->  Parallel Seq Scan on cities_185  (cost=0.00..18.82 rows=4 width=8)
	                                Filter: (country = $0)
	                          ->  Parallel Seq Scan on cities_186  (cost=0.00..18.82 rows=4 width=8)
	                                Filter: (country = $0)
	                          ->  Parallel Seq Scan on cities_187  (cost=0.00..18.82 rows=4 width=8)
	                                Filter: (country = $0)
	                          ->  Parallel Seq Scan on cities_188  (cost=0.00..18.82 rows=4 width=8)
	                                Filter: (country = $0)
	                          ->  Parallel Seq Scan on cities_189  (cost=0.00..18.82 rows=4 width=8)
	                                Filter: (country = $0)
	                          ->  Parallel Seq Scan on cities_190  (cost=0.00..18.82 rows=4 width=8)
	                                Filter: (country = $0)
	                          ->  Parallel Seq Scan on cities_191  (cost=0.00..18.82 rows=4 width=8)
	                                Filter: (country = $0)
	                          ->  Parallel Seq Scan on cities_192  (cost=0.00..18.82 rows=4 width=8)
	                                Filter: (country = $0)
	                          ->  Parallel Seq Scan on cities_193  (cost=0.00..18.82 rows=4 width=8)
	                                Filter: (country = $0)
	                          ->  Parallel Seq Scan on cities_194  (cost=0.00..18.82 rows=4 width=8)
	                                Filter: (country = $0)
	                          ->  Parallel Seq Scan on cities_195  (cost=0.00..18.82 rows=4 width=8)
	                                Filter: (country = $0)
	                          ->  Parallel Seq Scan on cities_196  (cost=0.00..18.82 rows=4 width=8)
	                                Filter: (country = $0)
	                          ->  Parallel Seq Scan on cities_197  (cost=0.00..18.82 rows=4 width=8)
	                                Filter: (country = $0)
	                          ->  Parallel Seq Scan on cities_198  (cost=0.00..18.82 rows=4 width=8)
	                                Filter: (country = $0)
	                          ->  Parallel Seq Scan on cities_199  (cost=0.00..18.82 rows=4 width=8)
	                                Filter: (country = $0)
	                          ->  Parallel Seq Scan on cities_200  (cost=0.00..18.82 rows=4 width=8)
	                                Filter: (country = $0)
	                          ->  Parallel Seq Scan on cities_201  (cost=0.00..18.82 rows=4 width=8)
	                                Filter: (country = $0)
	                          ->  Parallel Seq Scan on cities_202  (cost=0.00..18.82 rows=4 width=8)
	                                Filter: (country = $0)
	                          ->  Parallel Seq Scan on cities_203  (cost=0.00..18.82 rows=4 width=8)
	                                Filter: (country = $0)
	                          ->  Parallel Seq Scan on cities_204  (cost=0.00..18.82 rows=4 width=8)
	                                Filter: (country = $0)
	                          ->  Parallel Seq Scan on cities_205  (cost=0.00..18.82 rows=4 width=8)
	                                Filter: (country = $0)
	                          ->  Parallel Seq Scan on cities_206  (cost=0.00..18.82 rows=4 width=8)
	                                Filter: (country = $0)
	                          ->  Parallel Seq Scan on cities_207  (cost=0.00..18.82 rows=4 width=8)
	                                Filter: (country = $0)
	                          ->  Parallel Seq Scan on cities_208  (cost=0.00..18.82 rows=4 width=8)
	                                Filter: (country = $0)
	                          ->  Parallel Seq Scan on cities_209  (cost=0.00..18.82 rows=4 width=8)
	                                Filter: (country = $0)
	                          ->  Parallel Seq Scan on cities_210  (cost=0.00..18.82 rows=4 width=8)
	                                Filter: (country = $0)
	                          ->  Parallel Seq Scan on cities_211  (cost=0.00..18.82 rows=4 width=8)
	                                Filter: (country = $0)
	                          ->  Parallel Seq Scan on cities_212  (cost=0.00..18.82 rows=4 width=8)
	                                Filter: (country = $0)
	                          ->  Parallel Seq Scan on cities_213  (cost=0.00..18.82 rows=4 width=8)
	                                Filter: (country = $0)
	                          ->  Parallel Seq Scan on cities_214  (cost=0.00..18.82 rows=4 width=8)
	                                Filter: (country = $0)
	                          ->  Parallel Seq Scan on cities_215  (cost=0.00..18.82 rows=4 width=8)
	                                Filter: (country = $0)
	                          ->  Parallel Seq Scan on cities_216  (cost=0.00..18.82 rows=4 width=8)
	                                Filter: (country = $0)
	                          ->  Parallel Seq Scan on cities_217  (cost=0.00..18.82 rows=4 width=8)
	                                Filter: (country = $0)
	                          ->  Parallel Seq Scan on cities_218  (cost=0.00..18.82 rows=4 width=8)
	                                Filter: (country = $0)
	                          ->  Parallel Seq Scan on cities_219  (cost=0.00..18.82 rows=4 width=8)
	                                Filter: (country = $0)
	                          ->  Parallel Seq Scan on cities_220  (cost=0.00..18.82 rows=4 width=8)
	                                Filter: (country = $0)
	                          ->  Parallel Seq Scan on cities_221  (cost=0.00..18.82 rows=4 width=8)
	                                Filter: (country = $0)
	                          ->  Parallel Seq Scan on cities_222  (cost=0.00..18.82 rows=4 width=8)
	                                Filter: (country = $0)
	                          ->  Parallel Seq Scan on cities_223  (cost=0.00..18.82 rows=4 width=8)
	                                Filter: (country = $0)
```
