# Prerequisites

## Ending times calculation, for every starting time:

```sql
	Query Text: SELECT $1 + (
				SELECT calc_duration ((
					SELECT calc_avg_speed($2, $4)
				), $3))
	Result  (cost=0.52..0.53 rows=1 width=8)
	  InitPlan 2 (returns $1)
	    ->  Result  (cost=0.26..0.52 rows=1 width=16)
	          InitPlan 1 (returns $0)
	            ->  Result  (cost=0.00..0.26 rows=1 width=4)
2020-11-23 11:45:01.489 CET [3416] CONTEXT:  SQL statement "SELECT $1 + (
				SELECT calc_duration ((
					SELECT calc_avg_speed($2, $4)
				), $3))"
	PL/pgSQL function calc_end_time(timestamp without time zone,integer,integer,integer) line 3 at RETURN
2020-11-23 11:45:01.489 CET [3416] LOG:  duration: 0.002 ms  plan:
	Query Text: SELECT $1 - (SELECT floor(random()*($1 / 4 - 0))+10)
	Result  (cost=0.02..0.03 rows=1 width=8)
	  InitPlan 1 (returns $0)
	    ->  Result  (cost=0.00..0.02 rows=1 width=8)
2020-11-23 11:45:01.489 CET [3416] CONTEXT:  SQL statement "SELECT $1 - (SELECT floor(random()*($1 / 4 - 0))+10)"
	PL/pgSQL function calc_avg_speed(numeric,numeric) line 4 at RETURN
	SQL statement "SELECT $1 + (
				SELECT calc_duration ((
					SELECT calc_avg_speed($2, $4)
				), $3))"
	PL/pgSQL function calc_end_time(timestamp without time zone,integer,integer,integer) line 3 at RETURN
2020-11-23 11:45:01.489 CET [3416] LOG:  duration: 0.001 ms  plan:
	Query Text: SELECT (SELECT result * interval '1 hour')
	Result  (cost=0.01..0.02 rows=1 width=16)
	  InitPlan 1 (returns $0)
	    ->  Result  (cost=0.00..0.01 rows=1 width=16)
2020-11-23 11:45:01.489 CET [3416] CONTEXT:  SQL statement "SELECT (SELECT result * interval '1 hour')"
	PL/pgSQL function calc_duration(numeric,numeric) line 5 at RETURN
	SQL statement "SELECT $1 + (
				SELECT calc_duration ((
					SELECT calc_avg_speed($2, $4)
				), $3))"
	PL/pgSQL function calc_end_time(timestamp without time zone,integer,integer,integer) line 3 at RETURN
```

## Join routes and train, for every starting time:

```sql
2020-11-23 11:45:03.057 CET [3416] LOG:  duration: 0.013 ms  plan:
	Query Text: SELECT 1 FROM ONLY "public"."routes" x WHERE "route_id" OPERATOR(pg_catalog.=) $1 FOR KEY SHARE OF x
	LockRows  (cost=0.29..8.31 rows=1 width=10)
	  ->  Index Scan using routes_pkey on routes x  (cost=0.29..8.30 rows=1 width=10)
	        Index Cond: (route_id = 20001)
2020-11-23 11:45:03.057 CET [3416] CONTEXT:  SQL statement "SELECT 1 FROM ONLY "public"."routes" x WHERE "route_id" OPERATOR(pg_catalog.=) $1 FOR KEY SHARE OF x"
2020-11-23 11:45:03.058 CET [3416] LOG:  duration: 0.012 ms  plan:
	Query Text: SELECT 1 FROM ONLY "public"."trains" x WHERE "train_id"::pg_catalog.text OPERATOR(pg_catalog.=) $1::pg_catalog.text FOR KEY SHARE OF x
	LockRows  (cost=0.29..8.31 rows=1 width=10)
	  ->  Index Scan using trains_pkey on trains x  (cost=0.29..8.30 rows=1 width=10)
	        Index Cond: ((train_id)::text = 'bywdfevctetzjdwvofemzctyerwshr'::text)
2020-11-23 11:45:03.058 CET [3416] CONTEXT:  SQL statement "SELECT 1 FROM ONLY "public"."trains" x WHERE "train_id"::pg_catalog.text OPERATOR(pg_catalog.=) $1::pg_catalog.text FOR KEY SHARE OF x"
```

# Main Query

```sql
Query Text: /*
	* My dream comes true and Görlitz finally gets a regular connection to Berlin.
	* → Add new connection for every hour for one year from today on.
	*
	* SCRIPT PARAMS:
	* train_id: code of the train, varchar
	*
	* EXEC SCRIPT:
	* psql -v start_station="'START'" -v end_station="'END'" -v start_time="'DATE TIME'" -v train_id="'TRAIN'" [DB-NAME] < transactions/transaction3.sql
	*
	* TEST VALUES:
	psql -v train_id="'bywdfevctetzjdwvofemzctyerwshr'" [DB-NAME] < transactions/transaction3.sql
	*/
```
	
## Create stations

```sql
INSERT INTO stations (name, nr_platforms, city, date_created) VALUES (
		'Görlitz HBF', 12, (
			SELECT city_id FROM cities WHERE name = 'Görlitz'
		), now()::date
	);
	Insert on stations  (cost=5621.74..5621.76 rows=1 width=48)
	  InitPlan 1 (returns $0)
	    ->  Append  (cost=0.00..5621.74 rows=1348 width=4)
	          ->  Seq Scan on cities_1  (cost=0.00..25.00 rows=6 width=4)
	                Filter: ((name)::text = 'Görlitz'::text)
	          ->  Seq Scan on cities_2  (cost=0.00..25.00 rows=6 width=4)
	                Filter: ((name)::text = 'Görlitz'::text)
	          ->  Seq Scan on cities_3  (cost=0.00..25.00 rows=6 width=4)
	                Filter: ((name)::text = 'Görlitz'::text)
	          ->  Seq Scan on cities_4  (cost=0.00..25.00 rows=6 width=4)
	                Filter: ((name)::text = 'Görlitz'::text)
	          ->  Seq Scan on cities_5  (cost=0.00..25.00 rows=6 width=4)
	                Filter: ((name)::text = 'Görlitz'::text)
	          ->  Seq Scan on cities_6  (cost=0.00..25.00 rows=6 width=4)
	                Filter: ((name)::text = 'Görlitz'::text)
	          ->  Seq Scan on cities_7  (cost=0.00..25.00 rows=6 width=4)
	                Filter: ((name)::text = 'Görlitz'::text)
	          ->  Seq Scan on cities_8  (cost=0.00..25.00 rows=6 width=4)
	                Filter: ((name)::text = 'Görlitz'::text)
	          ->  Seq Scan on cities_9  (cost=0.00..25.00 rows=6 width=4)
	                Filter: ((name)::text = 'Görlitz'::text)
	          ->  Seq Scan on cities_10  (cost=0.00..65.00 rows=16 width=4)
	                Filter: ((name)::text = 'Görlitz'::text)
	          ->  Seq Scan on cities_11  (cost=0.00..25.00 rows=6 width=4)
	                Filter: ((name)::text = 'Görlitz'::text)
	          ->  Seq Scan on cities_12  (cost=0.00..25.00 rows=6 width=4)
	                Filter: ((name)::text = 'Görlitz'::text)
	          ->  Seq Scan on cities_13  (cost=0.00..25.00 rows=6 width=4)
	                Filter: ((name)::text = 'Görlitz'::text)
	          ->  Seq Scan on cities_14  (cost=0.00..25.00 rows=6 width=4)
	                Filter: ((name)::text = 'Görlitz'::text)
	          ->  Seq Scan on cities_15  (cost=0.00..25.00 rows=6 width=4)
	                Filter: ((name)::text = 'Görlitz'::text)
	          ->  Seq Scan on cities_16  (cost=0.00..25.00 rows=6 width=4)
	                Filter: ((name)::text = 'Görlitz'::text)
	          ->  Seq Scan on cities_17  (cost=0.00..25.00 rows=6 width=4)
	                Filter: ((name)::text = 'Görlitz'::text)
	          ->  Seq Scan on cities_18  (cost=0.00..25.00 rows=6 width=4)
	                Filter: ((name)::text = 'Görlitz'::text)
	          ->  Seq Scan on cities_19  (cost=0.00..25.00 rows=6 width=4)
	                Filter: ((name)::text = 'Görlitz'::text)
	          ->  Seq Scan on cities_20  (cost=0.00..25.00 rows=6 width=4)
	                Filter: ((name)::text = 'Görlitz'::text)
	          ->  Seq Scan on cities_21  (cost=0.00..25.00 rows=6 width=4)
	                Filter: ((name)::text = 'Görlitz'::text)
	          ->  Seq Scan on cities_22  (cost=0.00..25.00 rows=6 width=4)
	                Filter: ((name)::text = 'Görlitz'::text)
	          ->  Seq Scan on cities_23  (cost=0.00..25.00 rows=6 width=4)
	                Filter: ((name)::text = 'Görlitz'::text)
	          ->  Seq Scan on cities_24  (cost=0.00..25.00 rows=6 width=4)
	                Filter: ((name)::text = 'Görlitz'::text)
	          ->  Seq Scan on cities_25  (cost=0.00..25.00 rows=6 width=4)
	                Filter: ((name)::text = 'Görlitz'::text)
	          ->  Seq Scan on cities_26  (cost=0.00..25.00 rows=6 width=4)
	                Filter: ((name)::text = 'Görlitz'::text)
	          ->  Seq Scan on cities_27  (cost=0.00..25.00 rows=6 width=4)
	                Filter: ((name)::text = 'Görlitz'::text)
	          ->  Seq Scan on cities_28  (cost=0.00..25.00 rows=6 width=4)
	                Filter: ((name)::text = 'Görlitz'::text)
	          ->  Seq Scan on cities_29  (cost=0.00..25.00 rows=6 width=4)
	                Filter: ((name)::text = 'Görlitz'::text)
	          ->  Seq Scan on cities_30  (cost=0.00..25.00 rows=6 width=4)
	                Filter: ((name)::text = 'Görlitz'::text)
	          ->  Seq Scan on cities_31  (cost=0.00..25.00 rows=6 width=4)
	                Filter: ((name)::text = 'Görlitz'::text)
	          ->  Seq Scan on cities_32  (cost=0.00..25.00 rows=6 width=4)
	                Filter: ((name)::text = 'Görlitz'::text)
	          ->  Seq Scan on cities_33  (cost=0.00..25.00 rows=6 width=4)
	                Filter: ((name)::text = 'Görlitz'::text)
	          ->  Seq Scan on cities_34  (cost=0.00..25.00 rows=6 width=4)
	                Filter: ((name)::text = 'Görlitz'::text)
	          ->  Seq Scan on cities_35  (cost=0.00..25.00 rows=6 width=4)
	                Filter: ((name)::text = 'Görlitz'::text)
	          ->  Seq Scan on cities_36  (cost=0.00..25.00 rows=6 width=4)
	                Filter: ((name)::text = 'Görlitz'::text)
	          ->  Seq Scan on cities_37  (cost=0.00..25.00 rows=6 width=4)
	                Filter: ((name)::text = 'Görlitz'::text)
	          ->  Seq Scan on cities_38  (cost=0.00..25.00 rows=6 width=4)
	                Filter: ((name)::text = 'Görlitz'::text)
	          ->  Seq Scan on cities_39  (cost=0.00..25.00 rows=6 width=4)
	                Filter: ((name)::text = 'Görlitz'::text)
	          ->  Seq Scan on cities_40  (cost=0.00..25.00 rows=6 width=4)
	                Filter: ((name)::text = 'Görlitz'::text)
	          ->  Seq Scan on cities_41  (cost=0.00..25.00 rows=6 width=4)
	                Filter: ((name)::text = 'Görlitz'::text)
	          ->  Seq Scan on cities_42  (cost=0.00..25.00 rows=6 width=4)
	                Filter: ((name)::text = 'Görlitz'::text)
	          ->  Seq Scan on cities_43  (cost=0.00..25.00 rows=6 width=4)
	                Filter: ((name)::text = 'Görlitz'::text)
	          ->  Seq Scan on cities_44  (cost=0.00..25.00 rows=6 width=4)
	                Filter: ((name)::text = 'Görlitz'::text)
	          ->  Seq Scan on cities_45  (cost=0.00..25.00 rows=6 width=4)
	                Filter: ((name)::text = 'Görlitz'::text)
	          ->  Seq Scan on cities_46  (cost=0.00..25.00 rows=6 width=4)
	                Filter: ((name)::text = 'Görlitz'::text)
	          ->  Seq Scan on cities_47  (cost=0.00..25.00 rows=6 width=4)
	                Filter: ((name)::text = 'Görlitz'::text)
	          ->  Seq Scan on cities_48  (cost=0.00..25.00 rows=6 width=4)
	                Filter: ((name)::text = 'Görlitz'::text)
	          ->  Seq Scan on cities_49  (cost=0.00..25.00 rows=6 width=4)
	                Filter: ((name)::text = 'Görlitz'::text)
	          ->  Seq Scan on cities_50  (cost=0.00..25.00 rows=6 width=4)
	                Filter: ((name)::text = 'Görlitz'::text)
	          ->  Seq Scan on cities_51  (cost=0.00..25.00 rows=6 width=4)
	                Filter: ((name)::text = 'Görlitz'::text)
	          ->  Seq Scan on cities_52  (cost=0.00..25.00 rows=6 width=4)
	                Filter: ((name)::text = 'Görlitz'::text)
	          ->  Seq Scan on cities_53  (cost=0.00..25.00 rows=6 width=4)
	                Filter: ((name)::text = 'Görlitz'::text)
	          ->  Seq Scan on cities_54  (cost=0.00..25.00 rows=6 width=4)
	                Filter: ((name)::text = 'Görlitz'::text)
	          ->  Seq Scan on cities_55  (cost=0.00..25.00 rows=6 width=4)
	                Filter: ((name)::text = 'Görlitz'::text)
	          ->  Seq Scan on cities_56  (cost=0.00..25.00 rows=6 width=4)
	                Filter: ((name)::text = 'Görlitz'::text)
	          ->  Seq Scan on cities_57  (cost=0.00..25.00 rows=6 width=4)
	                Filter: ((name)::text = 'Görlitz'::text)
	          ->  Seq Scan on cities_58  (cost=0.00..25.00 rows=6 width=4)
	                Filter: ((name)::text = 'Görlitz'::text)
	          ->  Seq Scan on cities_59  (cost=0.00..25.00 rows=6 width=4)
	                Filter: ((name)::text = 'Görlitz'::text)
	          ->  Seq Scan on cities_60  (cost=0.00..25.00 rows=6 width=4)
	                Filter: ((name)::text = 'Görlitz'::text)
	          ->  Seq Scan on cities_61  (cost=0.00..25.00 rows=6 width=4)
	                Filter: ((name)::text = 'Görlitz'::text)
	          ->  Seq Scan on cities_62  (cost=0.00..25.00 rows=6 width=4)
	                Filter: ((name)::text = 'Görlitz'::text)
	          ->  Seq Scan on cities_63  (cost=0.00..25.00 rows=6 width=4)
	                Filter: ((name)::text = 'Görlitz'::text)
	          ->  Seq Scan on cities_64  (cost=0.00..25.00 rows=6 width=4)
	                Filter: ((name)::text = 'Görlitz'::text)
	          ->  Seq Scan on cities_65  (cost=0.00..25.00 rows=6 width=4)
	                Filter: ((name)::text = 'Görlitz'::text)
	          ->  Seq Scan on cities_66  (cost=0.00..25.00 rows=6 width=4)
	                Filter: ((name)::text = 'Görlitz'::text)
	          ->  Seq Scan on cities_67  (cost=0.00..25.00 rows=6 width=4)
	                Filter: ((name)::text = 'Görlitz'::text)
	          ->  Seq Scan on cities_68  (cost=0.00..25.00 rows=6 width=4)
	                Filter: ((name)::text = 'Görlitz'::text)
	          ->  Seq Scan on cities_69  (cost=0.00..25.00 rows=6 width=4)
	                Filter: ((name)::text = 'Görlitz'::text)
	          ->  Seq Scan on cities_70  (cost=0.00..25.00 rows=6 width=4)
	                Filter: ((name)::text = 'Görlitz'::text)
	          ->  Seq Scan on cities_71  (cost=0.00..25.00 rows=6 width=4)
	                Filter: ((name)::text = 'Görlitz'::text)
	          ->  Seq Scan on cities_72  (cost=0.00..25.00 rows=6 width=4)
	                Filter: ((name)::text = 'Görlitz'::text)
	          ->  Seq Scan on cities_73  (cost=0.00..25.00 rows=6 width=4)
	                Filter: ((name)::text = 'Görlitz'::text)
	          ->  Seq Scan on cities_74  (cost=0.00..25.00 rows=6 width=4)
	                Filter: ((name)::text = 'Görlitz'::text)
	          ->  Seq Scan on cities_75  (cost=0.00..25.00 rows=6 width=4)
	                Filter: ((name)::text = 'Görlitz'::text)
	          ->  Seq Scan on cities_76  (cost=0.00..25.00 rows=6 width=4)
	                Filter: ((name)::text = 'Görlitz'::text)
	          ->  Seq Scan on cities_77  (cost=0.00..25.00 rows=6 width=4)
	                Filter: ((name)::text = 'Görlitz'::text)
	          ->  Seq Scan on cities_78  (cost=0.00..25.00 rows=6 width=4)
	                Filter: ((name)::text = 'Görlitz'::text)
	          ->  Seq Scan on cities_79  (cost=0.00..25.00 rows=6 width=4)
	                Filter: ((name)::text = 'Görlitz'::text)
	          ->  Seq Scan on cities_80  (cost=0.00..25.00 rows=6 width=4)
	                Filter: ((name)::text = 'Görlitz'::text)
	          ->  Seq Scan on cities_81  (cost=0.00..25.00 rows=6 width=4)
	                Filter: ((name)::text = 'Görlitz'::text)
	          ->  Seq Scan on cities_82  (cost=0.00..25.00 rows=6 width=4)
	                Filter: ((name)::text = 'Görlitz'::text)
	          ->  Seq Scan on cities_83  (cost=0.00..25.00 rows=6 width=4)
	                Filter: ((name)::text = 'Görlitz'::text)
	          ->  Seq Scan on cities_84  (cost=0.00..25.00 rows=6 width=4)
	                Filter: ((name)::text = 'Görlitz'::text)
	          ->  Seq Scan on cities_85  (cost=0.00..25.00 rows=6 width=4)
	                Filter: ((name)::text = 'Görlitz'::text)
	          ->  Seq Scan on cities_86  (cost=0.00..25.00 rows=6 width=4)
	                Filter: ((name)::text = 'Görlitz'::text)
	          ->  Seq Scan on cities_87  (cost=0.00..25.00 rows=6 width=4)
	                Filter: ((name)::text = 'Görlitz'::text)
	          ->  Seq Scan on cities_88  (cost=0.00..25.00 rows=6 width=4)
	                Filter: ((name)::text = 'Görlitz'::text)
	          ->  Seq Scan on cities_89  (cost=0.00..25.00 rows=6 width=4)
	                Filter: ((name)::text = 'Görlitz'::text)
	          ->  Seq Scan on cities_90  (cost=0.00..25.00 rows=6 width=4)
	                Filter: ((name)::text = 'Görlitz'::text)
	          ->  Seq Scan on cities_91  (cost=0.00..25.00 rows=6 width=4)
	                Filter: ((name)::text = 'Görlitz'::text)
	          ->  Seq Scan on cities_92  (cost=0.00..25.00 rows=6 width=4)
	                Filter: ((name)::text = 'Görlitz'::text)
	          ->  Seq Scan on cities_93  (cost=0.00..25.00 rows=6 width=4)
	                Filter: ((name)::text = 'Görlitz'::text)
	          ->  Seq Scan on cities_94  (cost=0.00..25.00 rows=6 width=4)
	                Filter: ((name)::text = 'Görlitz'::text)
	          ->  Seq Scan on cities_95  (cost=0.00..25.00 rows=6 width=4)
	                Filter: ((name)::text = 'Görlitz'::text)
	          ->  Seq Scan on cities_96  (cost=0.00..25.00 rows=6 width=4)
	                Filter: ((name)::text = 'Görlitz'::text)
	          ->  Seq Scan on cities_97  (cost=0.00..25.00 rows=6 width=4)
	                Filter: ((name)::text = 'Görlitz'::text)
	          ->  Seq Scan on cities_98  (cost=0.00..25.00 rows=6 width=4)
	                Filter: ((name)::text = 'Görlitz'::text)
	          ->  Seq Scan on cities_99  (cost=0.00..25.00 rows=6 width=4)
	                Filter: ((name)::text = 'Görlitz'::text)
	          ->  Seq Scan on cities_100  (cost=0.00..25.00 rows=6 width=4)
	                Filter: ((name)::text = 'Görlitz'::text)
	          ->  Seq Scan on cities_101  (cost=0.00..25.00 rows=6 width=4)
	                Filter: ((name)::text = 'Görlitz'::text)
	          ->  Seq Scan on cities_102  (cost=0.00..25.00 rows=6 width=4)
	                Filter: ((name)::text = 'Görlitz'::text)
	          ->  Seq Scan on cities_103  (cost=0.00..25.00 rows=6 width=4)
	                Filter: ((name)::text = 'Görlitz'::text)
	          ->  Seq Scan on cities_104  (cost=0.00..25.00 rows=6 width=4)
	                Filter: ((name)::text = 'Görlitz'::text)
	          ->  Seq Scan on cities_105  (cost=0.00..25.00 rows=6 width=4)
	                Filter: ((name)::text = 'Görlitz'::text)
	          ->  Seq Scan on cities_106  (cost=0.00..25.00 rows=6 width=4)
	                Filter: ((name)::text = 'Görlitz'::text)
	          ->  Seq Scan on cities_107  (cost=0.00..25.00 rows=6 width=4)
	                Filter: ((name)::text = 'Görlitz'::text)
	          ->  Seq Scan on cities_108  (cost=0.00..25.00 rows=6 width=4)
	                Filter: ((name)::text = 'Görlitz'::text)
	          ->  Seq Scan on cities_109  (cost=0.00..25.00 rows=6 width=4)
	                Filter: ((name)::text = 'Görlitz'::text)
	          ->  Seq Scan on cities_110  (cost=0.00..25.00 rows=6 width=4)
	                Filter: ((name)::text = 'Görlitz'::text)
	          ->  Seq Scan on cities_111  (cost=0.00..25.00 rows=6 width=4)
	                Filter: ((name)::text = 'Görlitz'::text)
	          ->  Seq Scan on cities_112  (cost=0.00..25.00 rows=6 width=4)
	                Filter: ((name)::text = 'Görlitz'::text)
	          ->  Seq Scan on cities_113  (cost=0.00..25.00 rows=6 width=4)
	                Filter: ((name)::text = 'Görlitz'::text)
	          ->  Seq Scan on cities_114  (cost=0.00..25.00 rows=6 width=4)
	                Filter: ((name)::text = 'Görlitz'::text)
	          ->  Seq Scan on cities_115  (cost=0.00..25.00 rows=6 width=4)
	                Filter: ((name)::text = 'Görlitz'::text)
	          ->  Seq Scan on cities_116  (cost=0.00..25.00 rows=6 width=4)
	                Filter: ((name)::text = 'Görlitz'::text)
	          ->  Seq Scan on cities_117  (cost=0.00..25.00 rows=6 width=4)
	                Filter: ((name)::text = 'Görlitz'::text)
	          ->  Seq Scan on cities_118  (cost=0.00..25.00 rows=6 width=4)
	                Filter: ((name)::text = 'Görlitz'::text)
	          ->  Seq Scan on cities_119  (cost=0.00..25.00 rows=6 width=4)
	                Filter: ((name)::text = 'Görlitz'::text)
	          ->  Seq Scan on cities_120  (cost=0.00..25.00 rows=6 width=4)
	                Filter: ((name)::text = 'Görlitz'::text)
	          ->  Seq Scan on cities_121  (cost=0.00..25.00 rows=6 width=4)
	                Filter: ((name)::text = 'Görlitz'::text)
	          ->  Seq Scan on cities_122  (cost=0.00..25.00 rows=6 width=4)
	                Filter: ((name)::text = 'Görlitz'::text)
	          ->  Seq Scan on cities_123  (cost=0.00..25.00 rows=6 width=4)
	                Filter: ((name)::text = 'Görlitz'::text)
	          ->  Seq Scan on cities_124  (cost=0.00..25.00 rows=6 width=4)
	                Filter: ((name)::text = 'Görlitz'::text)
	          ->  Seq Scan on cities_125  (cost=0.00..25.00 rows=6 width=4)
	                Filter: ((name)::text = 'Görlitz'::text)
	          ->  Seq Scan on cities_126  (cost=0.00..25.00 rows=6 width=4)
	                Filter: ((name)::text = 'Görlitz'::text)
	          ->  Seq Scan on cities_127  (cost=0.00..25.00 rows=6 width=4)
	                Filter: ((name)::text = 'Görlitz'::text)
	          ->  Seq Scan on cities_128  (cost=0.00..25.00 rows=6 width=4)
	                Filter: ((name)::text = 'Görlitz'::text)
	          ->  Seq Scan on cities_129  (cost=0.00..25.00 rows=6 width=4)
	                Filter: ((name)::text = 'Görlitz'::text)
	          ->  Seq Scan on cities_130  (cost=0.00..25.00 rows=6 width=4)
	                Filter: ((name)::text = 'Görlitz'::text)
	          ->  Seq Scan on cities_131  (cost=0.00..25.00 rows=6 width=4)
	                Filter: ((name)::text = 'Görlitz'::text)
	          ->  Seq Scan on cities_132  (cost=0.00..25.00 rows=6 width=4)
	                Filter: ((name)::text = 'Görlitz'::text)
	          ->  Seq Scan on cities_133  (cost=0.00..25.00 rows=6 width=4)
	                Filter: ((name)::text = 'Görlitz'::text)
	          ->  Seq Scan on cities_134  (cost=0.00..25.00 rows=6 width=4)
	                Filter: ((name)::text = 'Görlitz'::text)
	          ->  Seq Scan on cities_135  (cost=0.00..25.00 rows=6 width=4)
	                Filter: ((name)::text = 'Görlitz'::text)
	          ->  Seq Scan on cities_136  (cost=0.00..25.00 rows=6 width=4)
	                Filter: ((name)::text = 'Görlitz'::text)
	          ->  Seq Scan on cities_137  (cost=0.00..25.00 rows=6 width=4)
	                Filter: ((name)::text = 'Görlitz'::text)
	          ->  Seq Scan on cities_138  (cost=0.00..25.00 rows=6 width=4)
	                Filter: ((name)::text = 'Görlitz'::text)
	          ->  Seq Scan on cities_139  (cost=0.00..25.00 rows=6 width=4)
	                Filter: ((name)::text = 'Görlitz'::text)
	          ->  Seq Scan on cities_140  (cost=0.00..25.00 rows=6 width=4)
	                Filter: ((name)::text = 'Görlitz'::text)
	          ->  Seq Scan on cities_141  (cost=0.00..25.00 rows=6 width=4)
	                Filter: ((name)::text = 'Görlitz'::text)
	          ->  Seq Scan on cities_142  (cost=0.00..25.00 rows=6 width=4)
	                Filter: ((name)::text = 'Görlitz'::text)
	          ->  Seq Scan on cities_143  (cost=0.00..25.00 rows=6 width=4)
	                Filter: ((name)::text = 'Görlitz'::text)
	          ->  Seq Scan on cities_144  (cost=0.00..25.00 rows=6 width=4)
	                Filter: ((name)::text = 'Görlitz'::text)
	          ->  Seq Scan on cities_145  (cost=0.00..25.00 rows=6 width=4)
	                Filter: ((name)::text = 'Görlitz'::text)
	          ->  Seq Scan on cities_146  (cost=0.00..25.00 rows=6 width=4)
	                Filter: ((name)::text = 'Görlitz'::text)
	          ->  Seq Scan on cities_147  (cost=0.00..25.00 rows=6 width=4)
	                Filter: ((name)::text = 'Görlitz'::text)
	          ->  Seq Scan on cities_148  (cost=0.00..25.00 rows=6 width=4)
	                Filter: ((name)::text = 'Görlitz'::text)
	          ->  Seq Scan on cities_149  (cost=0.00..25.00 rows=6 width=4)
	                Filter: ((name)::text = 'Görlitz'::text)
	          ->  Seq Scan on cities_150  (cost=0.00..25.00 rows=6 width=4)
	                Filter: ((name)::text = 'Görlitz'::text)
	          ->  Seq Scan on cities_151  (cost=0.00..25.00 rows=6 width=4)
	                Filter: ((name)::text = 'Görlitz'::text)
	          ->  Seq Scan on cities_152  (cost=0.00..25.00 rows=6 width=4)
	                Filter: ((name)::text = 'Görlitz'::text)
	          ->  Seq Scan on cities_153  (cost=0.00..25.00 rows=6 width=4)
	                Filter: ((name)::text = 'Görlitz'::text)
	          ->  Seq Scan on cities_154  (cost=0.00..25.00 rows=6 width=4)
	                Filter: ((name)::text = 'Görlitz'::text)
	          ->  Seq Scan on cities_155  (cost=0.00..25.00 rows=6 width=4)
	                Filter: ((name)::text = 'Görlitz'::text)
	          ->  Seq Scan on cities_156  (cost=0.00..25.00 rows=6 width=4)
	                Filter: ((name)::text = 'Görlitz'::text)
	          ->  Seq Scan on cities_157  (cost=0.00..25.00 rows=6 width=4)
	                Filter: ((name)::text = 'Görlitz'::text)
	          ->  Seq Scan on cities_158  (cost=0.00..25.00 rows=6 width=4)
	                Filter: ((name)::text = 'Görlitz'::text)
	          ->  Seq Scan on cities_159  (cost=0.00..25.00 rows=6 width=4)
	                Filter: ((name)::text = 'Görlitz'::text)
	          ->  Seq Scan on cities_160  (cost=0.00..25.00 rows=6 width=4)
	                Filter: ((name)::text = 'Görlitz'::text)
	          ->  Seq Scan on cities_161  (cost=0.00..25.00 rows=6 width=4)
	                Filter: ((name)::text = 'Görlitz'::text)
	          ->  Seq Scan on cities_162  (cost=0.00..25.00 rows=6 width=4)
	                Filter: ((name)::text = 'Görlitz'::text)
	          ->  Seq Scan on cities_163  (cost=0.00..25.00 rows=6 width=4)
	                Filter: ((name)::text = 'Görlitz'::text)
	          ->  Seq Scan on cities_164  (cost=0.00..25.00 rows=6 width=4)
	                Filter: ((name)::text = 'Görlitz'::text)
	          ->  Seq Scan on cities_165  (cost=0.00..25.00 rows=6 width=4)
	                Filter: ((name)::text = 'Görlitz'::text)
	          ->  Seq Scan on cities_166  (cost=0.00..25.00 rows=6 width=4)
	                Filter: ((name)::text = 'Görlitz'::text)
	          ->  Seq Scan on cities_167  (cost=0.00..25.00 rows=6 width=4)
	                Filter: ((name)::text = 'Görlitz'::text)
	          ->  Seq Scan on cities_168  (cost=0.00..25.00 rows=6 width=4)
	                Filter: ((name)::text = 'Görlitz'::text)
	          ->  Seq Scan on cities_169  (cost=0.00..25.00 rows=6 width=4)
	                Filter: ((name)::text = 'Görlitz'::text)
	          ->  Seq Scan on cities_170  (cost=0.00..25.00 rows=6 width=4)
	                Filter: ((name)::text = 'Görlitz'::text)
	          ->  Seq Scan on cities_171  (cost=0.00..25.00 rows=6 width=4)
	                Filter: ((name)::text = 'Görlitz'::text)
	          ->  Seq Scan on cities_172  (cost=0.00..25.00 rows=6 width=4)
	                Filter: ((name)::text = 'Görlitz'::text)
	          ->  Seq Scan on cities_173  (cost=0.00..25.00 rows=6 width=4)
	                Filter: ((name)::text = 'Görlitz'::text)
	          ->  Seq Scan on cities_174  (cost=0.00..25.00 rows=6 width=4)
	                Filter: ((name)::text = 'Görlitz'::text)
	          ->  Seq Scan on cities_175  (cost=0.00..25.00 rows=6 width=4)
	                Filter: ((name)::text = 'Görlitz'::text)
	          ->  Seq Scan on cities_176  (cost=0.00..25.00 rows=6 width=4)
	                Filter: ((name)::text = 'Görlitz'::text)
	          ->  Seq Scan on cities_177  (cost=0.00..25.00 rows=6 width=4)
	                Filter: ((name)::text = 'Görlitz'::text)
	          ->  Seq Scan on cities_178  (cost=0.00..25.00 rows=6 width=4)
	                Filter: ((name)::text = 'Görlitz'::text)
	          ->  Seq Scan on cities_179  (cost=0.00..25.00 rows=6 width=4)
	                Filter: ((name)::text = 'Görlitz'::text)
	          ->  Seq Scan on cities_180  (cost=0.00..25.00 rows=6 width=4)
	                Filter: ((name)::text = 'Görlitz'::text)
	          ->  Seq Scan on cities_181  (cost=0.00..25.00 rows=6 width=4)
	                Filter: ((name)::text = 'Görlitz'::text)
	          ->  Seq Scan on cities_182  (cost=0.00..25.00 rows=6 width=4)
	                Filter: ((name)::text = 'Görlitz'::text)
	          ->  Seq Scan on cities_183  (cost=0.00..25.00 rows=6 width=4)
	                Filter: ((name)::text = 'Görlitz'::text)
	          ->  Seq Scan on cities_184  (cost=0.00..25.00 rows=6 width=4)
	                Filter: ((name)::text = 'Görlitz'::text)
	          ->  Seq Scan on cities_185  (cost=0.00..25.00 rows=6 width=4)
	                Filter: ((name)::text = 'Görlitz'::text)
	          ->  Seq Scan on cities_186  (cost=0.00..25.00 rows=6 width=4)
	                Filter: ((name)::text = 'Görlitz'::text)
	          ->  Seq Scan on cities_187  (cost=0.00..25.00 rows=6 width=4)
	                Filter: ((name)::text = 'Görlitz'::text)
	          ->  Seq Scan on cities_188  (cost=0.00..25.00 rows=6 width=4)
	                Filter: ((name)::text = 'Görlitz'::text)
	          ->  Seq Scan on cities_189  (cost=0.00..25.00 rows=6 width=4)
	                Filter: ((name)::text = 'Görlitz'::text)
	          ->  Seq Scan on cities_190  (cost=0.00..25.00 rows=6 width=4)
	                Filter: ((name)::text = 'Görlitz'::text)
	          ->  Seq Scan on cities_191  (cost=0.00..25.00 rows=6 width=4)
	                Filter: ((name)::text = 'Görlitz'::text)
	          ->  Seq Scan on cities_192  (cost=0.00..25.00 rows=6 width=4)
	                Filter: ((name)::text = 'Görlitz'::text)
	          ->  Seq Scan on cities_193  (cost=0.00..25.00 rows=6 width=4)
	                Filter: ((name)::text = 'Görlitz'::text)
	          ->  Seq Scan on cities_194  (cost=0.00..25.00 rows=6 width=4)
	                Filter: ((name)::text = 'Görlitz'::text)
	          ->  Seq Scan on cities_195  (cost=0.00..25.00 rows=6 width=4)
	                Filter: ((name)::text = 'Görlitz'::text)
	          ->  Seq Scan on cities_196  (cost=0.00..25.00 rows=6 width=4)
	                Filter: ((name)::text = 'Görlitz'::text)
	          ->  Seq Scan on cities_197  (cost=0.00..25.00 rows=6 width=4)
	                Filter: ((name)::text = 'Görlitz'::text)
	          ->  Seq Scan on cities_198  (cost=0.00..25.00 rows=6 width=4)
	                Filter: ((name)::text = 'Görlitz'::text)
	          ->  Seq Scan on cities_199  (cost=0.00..25.00 rows=6 width=4)
	                Filter: ((name)::text = 'Görlitz'::text)
	          ->  Seq Scan on cities_200  (cost=0.00..25.00 rows=6 width=4)
	                Filter: ((name)::text = 'Görlitz'::text)
	          ->  Seq Scan on cities_201  (cost=0.00..25.00 rows=6 width=4)
	                Filter: ((name)::text = 'Görlitz'::text)
	          ->  Seq Scan on cities_202  (cost=0.00..25.00 rows=6 width=4)
	                Filter: ((name)::text = 'Görlitz'::text)
	          ->  Seq Scan on cities_203  (cost=0.00..25.00 rows=6 width=4)
	                Filter: ((name)::text = 'Görlitz'::text)
	          ->  Seq Scan on cities_204  (cost=0.00..25.00 rows=6 width=4)
	                Filter: ((name)::text = 'Görlitz'::text)
	          ->  Seq Scan on cities_205  (cost=0.00..25.00 rows=6 width=4)
	                Filter: ((name)::text = 'Görlitz'::text)
	          ->  Seq Scan on cities_206  (cost=0.00..25.00 rows=6 width=4)
	                Filter: ((name)::text = 'Görlitz'::text)
	          ->  Seq Scan on cities_207  (cost=0.00..25.00 rows=6 width=4)
	                Filter: ((name)::text = 'Görlitz'::text)
	          ->  Seq Scan on cities_208  (cost=0.00..25.00 rows=6 width=4)
	                Filter: ((name)::text = 'Görlitz'::text)
	          ->  Seq Scan on cities_209  (cost=0.00..25.00 rows=6 width=4)
	                Filter: ((name)::text = 'Görlitz'::text)
	          ->  Seq Scan on cities_210  (cost=0.00..25.00 rows=6 width=4)
	                Filter: ((name)::text = 'Görlitz'::text)
	          ->  Seq Scan on cities_211  (cost=0.00..25.00 rows=6 width=4)
	                Filter: ((name)::text = 'Görlitz'::text)
	          ->  Seq Scan on cities_212  (cost=0.00..25.00 rows=6 width=4)
	                Filter: ((name)::text = 'Görlitz'::text)
	          ->  Seq Scan on cities_213  (cost=0.00..25.00 rows=6 width=4)
	                Filter: ((name)::text = 'Görlitz'::text)
	          ->  Seq Scan on cities_214  (cost=0.00..25.00 rows=6 width=4)
	                Filter: ((name)::text = 'Görlitz'::text)
	          ->  Seq Scan on cities_215  (cost=0.00..25.00 rows=6 width=4)
	                Filter: ((name)::text = 'Görlitz'::text)
	          ->  Seq Scan on cities_216  (cost=0.00..25.00 rows=6 width=4)
	                Filter: ((name)::text = 'Görlitz'::text)
	          ->  Seq Scan on cities_217  (cost=0.00..25.00 rows=6 width=4)
	                Filter: ((name)::text = 'Görlitz'::text)
	          ->  Seq Scan on cities_218  (cost=0.00..25.00 rows=6 width=4)
	                Filter: ((name)::text = 'Görlitz'::text)
	          ->  Seq Scan on cities_219  (cost=0.00..25.00 rows=6 width=4)
	                Filter: ((name)::text = 'Görlitz'::text)
	          ->  Seq Scan on cities_220  (cost=0.00..25.00 rows=6 width=4)
	                Filter: ((name)::text = 'Görlitz'::text)
	          ->  Seq Scan on cities_221  (cost=0.00..25.00 rows=6 width=4)
	                Filter: ((name)::text = 'Görlitz'::text)
	          ->  Seq Scan on cities_222  (cost=0.00..25.00 rows=6 width=4)
	                Filter: ((name)::text = 'Görlitz'::text)
	          ->  Seq Scan on cities_223  (cost=0.00..25.00 rows=6 width=4)
	                Filter: ((name)::text = 'Görlitz'::text)
	  ->  Result  (cost=0.00..0.02 rows=1 width=48)
2020-12-14 16:23:56.910 CET [27869] LOG:  duration: 0.031 ms  plan:
	Query Text: SELECT 1 FROM ONLY "public"."cities_unpartitioned" x WHERE "city_id" OPERATOR(pg_catalog.=) $1 FOR KEY SHARE OF x
	LockRows  (cost=0.29..8.31 rows=1 width=10)
	  ->  Index Scan using cities_pkey on cities_unpartitioned x  (cost=0.29..8.30 rows=1 width=10)
	        Index Cond: (city_id = 10544)
```  

```sql
Query Text: INSERT INTO stations (name, nr_platforms, city, date_created) VALUES (
		'Berlin Görlitzer Bhf', 6, (
			SELECT city_id FROM cities WHERE name LIKE '%Berlin%'
		), '1940-03-14'
	);
	Insert on stations  (cost=5616.11..5616.13 rows=1 width=48)
	  InitPlan 1 (returns $0)
	    ->  Append  (cost=0.00..5616.11 rows=223 width=4)
	          ->  Seq Scan on cities_1  (cost=0.00..25.00 rows=1 width=4)
	                Filter: ((name)::text ~~ '%Berlin%'::text)
	          ->  Seq Scan on cities_2  (cost=0.00..25.00 rows=1 width=4)
	                Filter: ((name)::text ~~ '%Berlin%'::text)
	          ->  Seq Scan on cities_3  (cost=0.00..25.00 rows=1 width=4)
	                Filter: ((name)::text ~~ '%Berlin%'::text)
	          ->  Seq Scan on cities_4  (cost=0.00..25.00 rows=1 width=4)
	                Filter: ((name)::text ~~ '%Berlin%'::text)
	          ->  Seq Scan on cities_5  (cost=0.00..25.00 rows=1 width=4)
	                Filter: ((name)::text ~~ '%Berlin%'::text)
	          ->  Seq Scan on cities_6  (cost=0.00..25.00 rows=1 width=4)
	                Filter: ((name)::text ~~ '%Berlin%'::text)
	          ->  Seq Scan on cities_7  (cost=0.00..25.00 rows=1 width=4)
	                Filter: ((name)::text ~~ '%Berlin%'::text)
	          ->  Seq Scan on cities_8  (cost=0.00..25.00 rows=1 width=4)
	                Filter: ((name)::text ~~ '%Berlin%'::text)
	          ->  Seq Scan on cities_9  (cost=0.00..25.00 rows=1 width=4)
	                Filter: ((name)::text ~~ '%Berlin%'::text)
	          ->  Seq Scan on cities_10  (cost=0.00..65.00 rows=1 width=4)
	                Filter: ((name)::text ~~ '%Berlin%'::text)
	          ->  Seq Scan on cities_11  (cost=0.00..25.00 rows=1 width=4)
	                Filter: ((name)::text ~~ '%Berlin%'::text)
	          ->  Seq Scan on cities_12  (cost=0.00..25.00 rows=1 width=4)
	                Filter: ((name)::text ~~ '%Berlin%'::text)
	          ->  Seq Scan on cities_13  (cost=0.00..25.00 rows=1 width=4)
	                Filter: ((name)::text ~~ '%Berlin%'::text)
	          ->  Seq Scan on cities_14  (cost=0.00..25.00 rows=1 width=4)
	                Filter: ((name)::text ~~ '%Berlin%'::text)
	          ->  Seq Scan on cities_15  (cost=0.00..25.00 rows=1 width=4)
	                Filter: ((name)::text ~~ '%Berlin%'::text)
	          ->  Seq Scan on cities_16  (cost=0.00..25.00 rows=1 width=4)
	                Filter: ((name)::text ~~ '%Berlin%'::text)
	          ->  Seq Scan on cities_17  (cost=0.00..25.00 rows=1 width=4)
	                Filter: ((name)::text ~~ '%Berlin%'::text)
	          ->  Seq Scan on cities_18  (cost=0.00..25.00 rows=1 width=4)
	                Filter: ((name)::text ~~ '%Berlin%'::text)
	          ->  Seq Scan on cities_19  (cost=0.00..25.00 rows=1 width=4)
	                Filter: ((name)::text ~~ '%Berlin%'::text)
	          ->  Seq Scan on cities_20  (cost=0.00..25.00 rows=1 width=4)
	                Filter: ((name)::text ~~ '%Berlin%'::text)
	          ->  Seq Scan on cities_21  (cost=0.00..25.00 rows=1 width=4)
	                Filter: ((name)::text ~~ '%Berlin%'::text)
	          ->  Seq Scan on cities_22  (cost=0.00..25.00 rows=1 width=4)
	                Filter: ((name)::text ~~ '%Berlin%'::text)
	          ->  Seq Scan on cities_23  (cost=0.00..25.00 rows=1 width=4)
	                Filter: ((name)::text ~~ '%Berlin%'::text)
	          ->  Seq Scan on cities_24  (cost=0.00..25.00 rows=1 width=4)
	                Filter: ((name)::text ~~ '%Berlin%'::text)
	          ->  Seq Scan on cities_25  (cost=0.00..25.00 rows=1 width=4)
	                Filter: ((name)::text ~~ '%Berlin%'::text)
	          ->  Seq Scan on cities_26  (cost=0.00..25.00 rows=1 width=4)
	                Filter: ((name)::text ~~ '%Berlin%'::text)
	          ->  Seq Scan on cities_27  (cost=0.00..25.00 rows=1 width=4)
	                Filter: ((name)::text ~~ '%Berlin%'::text)
	          ->  Seq Scan on cities_28  (cost=0.00..25.00 rows=1 width=4)
	                Filter: ((name)::text ~~ '%Berlin%'::text)
	          ->  Seq Scan on cities_29  (cost=0.00..25.00 rows=1 width=4)
	                Filter: ((name)::text ~~ '%Berlin%'::text)
	          ->  Seq Scan on cities_30  (cost=0.00..25.00 rows=1 width=4)
	                Filter: ((name)::text ~~ '%Berlin%'::text)
	          ->  Seq Scan on cities_31  (cost=0.00..25.00 rows=1 width=4)
	                Filter: ((name)::text ~~ '%Berlin%'::text)
	          ->  Seq Scan on cities_32  (cost=0.00..25.00 rows=1 width=4)
	                Filter: ((name)::text ~~ '%Berlin%'::text)
	          ->  Seq Scan on cities_33  (cost=0.00..25.00 rows=1 width=4)
	                Filter: ((name)::text ~~ '%Berlin%'::text)
	          ->  Seq Scan on cities_34  (cost=0.00..25.00 rows=1 width=4)
	                Filter: ((name)::text ~~ '%Berlin%'::text)
	          ->  Seq Scan on cities_35  (cost=0.00..25.00 rows=1 width=4)
	                Filter: ((name)::text ~~ '%Berlin%'::text)
	          ->  Seq Scan on cities_36  (cost=0.00..25.00 rows=1 width=4)
	                Filter: ((name)::text ~~ '%Berlin%'::text)
	          ->  Seq Scan on cities_37  (cost=0.00..25.00 rows=1 width=4)
	                Filter: ((name)::text ~~ '%Berlin%'::text)
	          ->  Seq Scan on cities_38  (cost=0.00..25.00 rows=1 width=4)
	                Filter: ((name)::text ~~ '%Berlin%'::text)
	          ->  Seq Scan on cities_39  (cost=0.00..25.00 rows=1 width=4)
	                Filter: ((name)::text ~~ '%Berlin%'::text)
	          ->  Seq Scan on cities_40  (cost=0.00..25.00 rows=1 width=4)
	                Filter: ((name)::text ~~ '%Berlin%'::text)
	          ->  Seq Scan on cities_41  (cost=0.00..25.00 rows=1 width=4)
	                Filter: ((name)::text ~~ '%Berlin%'::text)
	          ->  Seq Scan on cities_42  (cost=0.00..25.00 rows=1 width=4)
	                Filter: ((name)::text ~~ '%Berlin%'::text)
	          ->  Seq Scan on cities_43  (cost=0.00..25.00 rows=1 width=4)
	                Filter: ((name)::text ~~ '%Berlin%'::text)
	          ->  Seq Scan on cities_44  (cost=0.00..25.00 rows=1 width=4)
	                Filter: ((name)::text ~~ '%Berlin%'::text)
	          ->  Seq Scan on cities_45  (cost=0.00..25.00 rows=1 width=4)
	                Filter: ((name)::text ~~ '%Berlin%'::text)
	          ->  Seq Scan on cities_46  (cost=0.00..25.00 rows=1 width=4)
	                Filter: ((name)::text ~~ '%Berlin%'::text)
	          ->  Seq Scan on cities_47  (cost=0.00..25.00 rows=1 width=4)
	                Filter: ((name)::text ~~ '%Berlin%'::text)
	          ->  Seq Scan on cities_48  (cost=0.00..25.00 rows=1 width=4)
	                Filter: ((name)::text ~~ '%Berlin%'::text)
	          ->  Seq Scan on cities_49  (cost=0.00..25.00 rows=1 width=4)
	                Filter: ((name)::text ~~ '%Berlin%'::text)
	          ->  Seq Scan on cities_50  (cost=0.00..25.00 rows=1 width=4)
	                Filter: ((name)::text ~~ '%Berlin%'::text)
	          ->  Seq Scan on cities_51  (cost=0.00..25.00 rows=1 width=4)
	                Filter: ((name)::text ~~ '%Berlin%'::text)
	          ->  Seq Scan on cities_52  (cost=0.00..25.00 rows=1 width=4)
	                Filter: ((name)::text ~~ '%Berlin%'::text)
	          ->  Seq Scan on cities_53  (cost=0.00..25.00 rows=1 width=4)
	                Filter: ((name)::text ~~ '%Berlin%'::text)
	          ->  Seq Scan on cities_54  (cost=0.00..25.00 rows=1 width=4)
	                Filter: ((name)::text ~~ '%Berlin%'::text)
	          ->  Seq Scan on cities_55  (cost=0.00..25.00 rows=1 width=4)
	                Filter: ((name)::text ~~ '%Berlin%'::text)
	          ->  Seq Scan on cities_56  (cost=0.00..25.00 rows=1 width=4)
	                Filter: ((name)::text ~~ '%Berlin%'::text)
	          ->  Seq Scan on cities_57  (cost=0.00..25.00 rows=1 width=4)
	                Filter: ((name)::text ~~ '%Berlin%'::text)
	          ->  Seq Scan on cities_58  (cost=0.00..25.00 rows=1 width=4)
	                Filter: ((name)::text ~~ '%Berlin%'::text)
	          ->  Seq Scan on cities_59  (cost=0.00..25.00 rows=1 width=4)
	                Filter: ((name)::text ~~ '%Berlin%'::text)
	          ->  Seq Scan on cities_60  (cost=0.00..25.00 rows=1 width=4)
	                Filter: ((name)::text ~~ '%Berlin%'::text)
	          ->  Seq Scan on cities_61  (cost=0.00..25.00 rows=1 width=4)
	                Filter: ((name)::text ~~ '%Berlin%'::text)
	          ->  Seq Scan on cities_62  (cost=0.00..25.00 rows=1 width=4)
	                Filter: ((name)::text ~~ '%Berlin%'::text)
	          ->  Seq Scan on cities_63  (cost=0.00..25.00 rows=1 width=4)
	                Filter: ((name)::text ~~ '%Berlin%'::text)
	          ->  Seq Scan on cities_64  (cost=0.00..25.00 rows=1 width=4)
	                Filter: ((name)::text ~~ '%Berlin%'::text)
	          ->  Seq Scan on cities_65  (cost=0.00..25.00 rows=1 width=4)
	                Filter: ((name)::text ~~ '%Berlin%'::text)
	          ->  Seq Scan on cities_66  (cost=0.00..25.00 rows=1 width=4)
	                Filter: ((name)::text ~~ '%Berlin%'::text)
	          ->  Seq Scan on cities_67  (cost=0.00..25.00 rows=1 width=4)
	                Filter: ((name)::text ~~ '%Berlin%'::text)
	          ->  Seq Scan on cities_68  (cost=0.00..25.00 rows=1 width=4)
	                Filter: ((name)::text ~~ '%Berlin%'::text)
	          ->  Seq Scan on cities_69  (cost=0.00..25.00 rows=1 width=4)
	                Filter: ((name)::text ~~ '%Berlin%'::text)
	          ->  Seq Scan on cities_70  (cost=0.00..25.00 rows=1 width=4)
	                Filter: ((name)::text ~~ '%Berlin%'::text)
	          ->  Seq Scan on cities_71  (cost=0.00..25.00 rows=1 width=4)
	                Filter: ((name)::text ~~ '%Berlin%'::text)
	          ->  Seq Scan on cities_72  (cost=0.00..25.00 rows=1 width=4)
	                Filter: ((name)::text ~~ '%Berlin%'::text)
	          ->  Seq Scan on cities_73  (cost=0.00..25.00 rows=1 width=4)
	                Filter: ((name)::text ~~ '%Berlin%'::text)
	          ->  Seq Scan on cities_74  (cost=0.00..25.00 rows=1 width=4)
	                Filter: ((name)::text ~~ '%Berlin%'::text)
	          ->  Seq Scan on cities_75  (cost=0.00..25.00 rows=1 width=4)
	                Filter: ((name)::text ~~ '%Berlin%'::text)
	          ->  Seq Scan on cities_76  (cost=0.00..25.00 rows=1 width=4)
	                Filter: ((name)::text ~~ '%Berlin%'::text)
	          ->  Seq Scan on cities_77  (cost=0.00..25.00 rows=1 width=4)
	                Filter: ((name)::text ~~ '%Berlin%'::text)
	          ->  Seq Scan on cities_78  (cost=0.00..25.00 rows=1 width=4)
	                Filter: ((name)::text ~~ '%Berlin%'::text)
	          ->  Seq Scan on cities_79  (cost=0.00..25.00 rows=1 width=4)
	                Filter: ((name)::text ~~ '%Berlin%'::text)
	          ->  Seq Scan on cities_80  (cost=0.00..25.00 rows=1 width=4)
	                Filter: ((name)::text ~~ '%Berlin%'::text)
	          ->  Seq Scan on cities_81  (cost=0.00..25.00 rows=1 width=4)
	                Filter: ((name)::text ~~ '%Berlin%'::text)
	          ->  Seq Scan on cities_82  (cost=0.00..25.00 rows=1 width=4)
	                Filter: ((name)::text ~~ '%Berlin%'::text)
	          ->  Seq Scan on cities_83  (cost=0.00..25.00 rows=1 width=4)
	                Filter: ((name)::text ~~ '%Berlin%'::text)
	          ->  Seq Scan on cities_84  (cost=0.00..25.00 rows=1 width=4)
	                Filter: ((name)::text ~~ '%Berlin%'::text)
	          ->  Seq Scan on cities_85  (cost=0.00..25.00 rows=1 width=4)
	                Filter: ((name)::text ~~ '%Berlin%'::text)
	          ->  Seq Scan on cities_86  (cost=0.00..25.00 rows=1 width=4)
	                Filter: ((name)::text ~~ '%Berlin%'::text)
	          ->  Seq Scan on cities_87  (cost=0.00..25.00 rows=1 width=4)
	                Filter: ((name)::text ~~ '%Berlin%'::text)
	          ->  Seq Scan on cities_88  (cost=0.00..25.00 rows=1 width=4)
	                Filter: ((name)::text ~~ '%Berlin%'::text)
	          ->  Seq Scan on cities_89  (cost=0.00..25.00 rows=1 width=4)
	                Filter: ((name)::text ~~ '%Berlin%'::text)
	          ->  Seq Scan on cities_90  (cost=0.00..25.00 rows=1 width=4)
	                Filter: ((name)::text ~~ '%Berlin%'::text)
	          ->  Seq Scan on cities_91  (cost=0.00..25.00 rows=1 width=4)
	                Filter: ((name)::text ~~ '%Berlin%'::text)
	          ->  Seq Scan on cities_92  (cost=0.00..25.00 rows=1 width=4)
	                Filter: ((name)::text ~~ '%Berlin%'::text)
	          ->  Seq Scan on cities_93  (cost=0.00..25.00 rows=1 width=4)
	                Filter: ((name)::text ~~ '%Berlin%'::text)
	          ->  Seq Scan on cities_94  (cost=0.00..25.00 rows=1 width=4)
	                Filter: ((name)::text ~~ '%Berlin%'::text)
	          ->  Seq Scan on cities_95  (cost=0.00..25.00 rows=1 width=4)
	                Filter: ((name)::text ~~ '%Berlin%'::text)
	          ->  Seq Scan on cities_96  (cost=0.00..25.00 rows=1 width=4)
	                Filter: ((name)::text ~~ '%Berlin%'::text)
	          ->  Seq Scan on cities_97  (cost=0.00..25.00 rows=1 width=4)
	                Filter: ((name)::text ~~ '%Berlin%'::text)
	          ->  Seq Scan on cities_98  (cost=0.00..25.00 rows=1 width=4)
	                Filter: ((name)::text ~~ '%Berlin%'::text)
	          ->  Seq Scan on cities_99  (cost=0.00..25.00 rows=1 width=4)
	                Filter: ((name)::text ~~ '%Berlin%'::text)
	          ->  Seq Scan on cities_100  (cost=0.00..25.00 rows=1 width=4)
	                Filter: ((name)::text ~~ '%Berlin%'::text)
	          ->  Seq Scan on cities_101  (cost=0.00..25.00 rows=1 width=4)
	                Filter: ((name)::text ~~ '%Berlin%'::text)
	          ->  Seq Scan on cities_102  (cost=0.00..25.00 rows=1 width=4)
	                Filter: ((name)::text ~~ '%Berlin%'::text)
	          ->  Seq Scan on cities_103  (cost=0.00..25.00 rows=1 width=4)
	                Filter: ((name)::text ~~ '%Berlin%'::text)
	          ->  Seq Scan on cities_104  (cost=0.00..25.00 rows=1 width=4)
	                Filter: ((name)::text ~~ '%Berlin%'::text)
	          ->  Seq Scan on cities_105  (cost=0.00..25.00 rows=1 width=4)
	                Filter: ((name)::text ~~ '%Berlin%'::text)
	          ->  Seq Scan on cities_106  (cost=0.00..25.00 rows=1 width=4)
	                Filter: ((name)::text ~~ '%Berlin%'::text)
	          ->  Seq Scan on cities_107  (cost=0.00..25.00 rows=1 width=4)
	                Filter: ((name)::text ~~ '%Berlin%'::text)
	          ->  Seq Scan on cities_108  (cost=0.00..25.00 rows=1 width=4)
	                Filter: ((name)::text ~~ '%Berlin%'::text)
	          ->  Seq Scan on cities_109  (cost=0.00..25.00 rows=1 width=4)
	                Filter: ((name)::text ~~ '%Berlin%'::text)
	          ->  Seq Scan on cities_110  (cost=0.00..25.00 rows=1 width=4)
	                Filter: ((name)::text ~~ '%Berlin%'::text)
	          ->  Seq Scan on cities_111  (cost=0.00..25.00 rows=1 width=4)
	                Filter: ((name)::text ~~ '%Berlin%'::text)
	          ->  Seq Scan on cities_112  (cost=0.00..25.00 rows=1 width=4)
	                Filter: ((name)::text ~~ '%Berlin%'::text)
	          ->  Seq Scan on cities_113  (cost=0.00..25.00 rows=1 width=4)
	                Filter: ((name)::text ~~ '%Berlin%'::text)
	          ->  Seq Scan on cities_114  (cost=0.00..25.00 rows=1 width=4)
	                Filter: ((name)::text ~~ '%Berlin%'::text)
	          ->  Seq Scan on cities_115  (cost=0.00..25.00 rows=1 width=4)
	                Filter: ((name)::text ~~ '%Berlin%'::text)
	          ->  Seq Scan on cities_116  (cost=0.00..25.00 rows=1 width=4)
	                Filter: ((name)::text ~~ '%Berlin%'::text)
	          ->  Seq Scan on cities_117  (cost=0.00..25.00 rows=1 width=4)
	                Filter: ((name)::text ~~ '%Berlin%'::text)
	          ->  Seq Scan on cities_118  (cost=0.00..25.00 rows=1 width=4)
	                Filter: ((name)::text ~~ '%Berlin%'::text)
	          ->  Seq Scan on cities_119  (cost=0.00..25.00 rows=1 width=4)
	                Filter: ((name)::text ~~ '%Berlin%'::text)
	          ->  Seq Scan on cities_120  (cost=0.00..25.00 rows=1 width=4)
	                Filter: ((name)::text ~~ '%Berlin%'::text)
	          ->  Seq Scan on cities_121  (cost=0.00..25.00 rows=1 width=4)
	                Filter: ((name)::text ~~ '%Berlin%'::text)
	          ->  Seq Scan on cities_122  (cost=0.00..25.00 rows=1 width=4)
	                Filter: ((name)::text ~~ '%Berlin%'::text)
	          ->  Seq Scan on cities_123  (cost=0.00..25.00 rows=1 width=4)
	                Filter: ((name)::text ~~ '%Berlin%'::text)
	          ->  Seq Scan on cities_124  (cost=0.00..25.00 rows=1 width=4)
	                Filter: ((name)::text ~~ '%Berlin%'::text)
	          ->  Seq Scan on cities_125  (cost=0.00..25.00 rows=1 width=4)
	                Filter: ((name)::text ~~ '%Berlin%'::text)
	          ->  Seq Scan on cities_126  (cost=0.00..25.00 rows=1 width=4)
	                Filter: ((name)::text ~~ '%Berlin%'::text)
	          ->  Seq Scan on cities_127  (cost=0.00..25.00 rows=1 width=4)
	                Filter: ((name)::text ~~ '%Berlin%'::text)
	          ->  Seq Scan on cities_128  (cost=0.00..25.00 rows=1 width=4)
	                Filter: ((name)::text ~~ '%Berlin%'::text)
	          ->  Seq Scan on cities_129  (cost=0.00..25.00 rows=1 width=4)
	                Filter: ((name)::text ~~ '%Berlin%'::text)
	          ->  Seq Scan on cities_130  (cost=0.00..25.00 rows=1 width=4)
	                Filter: ((name)::text ~~ '%Berlin%'::text)
	          ->  Seq Scan on cities_131  (cost=0.00..25.00 rows=1 width=4)
	                Filter: ((name)::text ~~ '%Berlin%'::text)
	          ->  Seq Scan on cities_132  (cost=0.00..25.00 rows=1 width=4)
	                Filter: ((name)::text ~~ '%Berlin%'::text)
	          ->  Seq Scan on cities_133  (cost=0.00..25.00 rows=1 width=4)
	                Filter: ((name)::text ~~ '%Berlin%'::text)
	          ->  Seq Scan on cities_134  (cost=0.00..25.00 rows=1 width=4)
	                Filter: ((name)::text ~~ '%Berlin%'::text)
	          ->  Seq Scan on cities_135  (cost=0.00..25.00 rows=1 width=4)
	                Filter: ((name)::text ~~ '%Berlin%'::text)
	          ->  Seq Scan on cities_136  (cost=0.00..25.00 rows=1 width=4)
	                Filter: ((name)::text ~~ '%Berlin%'::text)
	          ->  Seq Scan on cities_137  (cost=0.00..25.00 rows=1 width=4)
	                Filter: ((name)::text ~~ '%Berlin%'::text)
	          ->  Seq Scan on cities_138  (cost=0.00..25.00 rows=1 width=4)
	                Filter: ((name)::text ~~ '%Berlin%'::text)
	          ->  Seq Scan on cities_139  (cost=0.00..25.00 rows=1 width=4)
	                Filter: ((name)::text ~~ '%Berlin%'::text)
	          ->  Seq Scan on cities_140  (cost=0.00..25.00 rows=1 width=4)
	                Filter: ((name)::text ~~ '%Berlin%'::text)
	          ->  Seq Scan on cities_141  (cost=0.00..25.00 rows=1 width=4)
	                Filter: ((name)::text ~~ '%Berlin%'::text)
	          ->  Seq Scan on cities_142  (cost=0.00..25.00 rows=1 width=4)
	                Filter: ((name)::text ~~ '%Berlin%'::text)
	          ->  Seq Scan on cities_143  (cost=0.00..25.00 rows=1 width=4)
	                Filter: ((name)::text ~~ '%Berlin%'::text)
	          ->  Seq Scan on cities_144  (cost=0.00..25.00 rows=1 width=4)
	                Filter: ((name)::text ~~ '%Berlin%'::text)
	          ->  Seq Scan on cities_145  (cost=0.00..25.00 rows=1 width=4)
	                Filter: ((name)::text ~~ '%Berlin%'::text)
	          ->  Seq Scan on cities_146  (cost=0.00..25.00 rows=1 width=4)
	                Filter: ((name)::text ~~ '%Berlin%'::text)
	          ->  Seq Scan on cities_147  (cost=0.00..25.00 rows=1 width=4)
	                Filter: ((name)::text ~~ '%Berlin%'::text)
	          ->  Seq Scan on cities_148  (cost=0.00..25.00 rows=1 width=4)
	                Filter: ((name)::text ~~ '%Berlin%'::text)
	          ->  Seq Scan on cities_149  (cost=0.00..25.00 rows=1 width=4)
	                Filter: ((name)::text ~~ '%Berlin%'::text)
	          ->  Seq Scan on cities_150  (cost=0.00..25.00 rows=1 width=4)
	                Filter: ((name)::text ~~ '%Berlin%'::text)
	          ->  Seq Scan on cities_151  (cost=0.00..25.00 rows=1 width=4)
	                Filter: ((name)::text ~~ '%Berlin%'::text)
	          ->  Seq Scan on cities_152  (cost=0.00..25.00 rows=1 width=4)
	                Filter: ((name)::text ~~ '%Berlin%'::text)
	          ->  Seq Scan on cities_153  (cost=0.00..25.00 rows=1 width=4)
	                Filter: ((name)::text ~~ '%Berlin%'::text)
	          ->  Seq Scan on cities_154  (cost=0.00..25.00 rows=1 width=4)
	                Filter: ((name)::text ~~ '%Berlin%'::text)
	          ->  Seq Scan on cities_155  (cost=0.00..25.00 rows=1 width=4)
	                Filter: ((name)::text ~~ '%Berlin%'::text)
	          ->  Seq Scan on cities_156  (cost=0.00..25.00 rows=1 width=4)
	                Filter: ((name)::text ~~ '%Berlin%'::text)
	          ->  Seq Scan on cities_157  (cost=0.00..25.00 rows=1 width=4)
	                Filter: ((name)::text ~~ '%Berlin%'::text)
	          ->  Seq Scan on cities_158  (cost=0.00..25.00 rows=1 width=4)
	                Filter: ((name)::text ~~ '%Berlin%'::text)
	          ->  Seq Scan on cities_159  (cost=0.00..25.00 rows=1 width=4)
	                Filter: ((name)::text ~~ '%Berlin%'::text)
	          ->  Seq Scan on cities_160  (cost=0.00..25.00 rows=1 width=4)
	                Filter: ((name)::text ~~ '%Berlin%'::text)
	          ->  Seq Scan on cities_161  (cost=0.00..25.00 rows=1 width=4)
	                Filter: ((name)::text ~~ '%Berlin%'::text)
	          ->  Seq Scan on cities_162  (cost=0.00..25.00 rows=1 width=4)
	                Filter: ((name)::text ~~ '%Berlin%'::text)
	          ->  Seq Scan on cities_163  (cost=0.00..25.00 rows=1 width=4)
	                Filter: ((name)::text ~~ '%Berlin%'::text)
	          ->  Seq Scan on cities_164  (cost=0.00..25.00 rows=1 width=4)
	                Filter: ((name)::text ~~ '%Berlin%'::text)
	          ->  Seq Scan on cities_165  (cost=0.00..25.00 rows=1 width=4)
	                Filter: ((name)::text ~~ '%Berlin%'::text)
	          ->  Seq Scan on cities_166  (cost=0.00..25.00 rows=1 width=4)
	                Filter: ((name)::text ~~ '%Berlin%'::text)
	          ->  Seq Scan on cities_167  (cost=0.00..25.00 rows=1 width=4)
	                Filter: ((name)::text ~~ '%Berlin%'::text)
	          ->  Seq Scan on cities_168  (cost=0.00..25.00 rows=1 width=4)
	                Filter: ((name)::text ~~ '%Berlin%'::text)
	          ->  Seq Scan on cities_169  (cost=0.00..25.00 rows=1 width=4)
	                Filter: ((name)::text ~~ '%Berlin%'::text)
	          ->  Seq Scan on cities_170  (cost=0.00..25.00 rows=1 width=4)
	                Filter: ((name)::text ~~ '%Berlin%'::text)
	          ->  Seq Scan on cities_171  (cost=0.00..25.00 rows=1 width=4)
	                Filter: ((name)::text ~~ '%Berlin%'::text)
	          ->  Seq Scan on cities_172  (cost=0.00..25.00 rows=1 width=4)
	                Filter: ((name)::text ~~ '%Berlin%'::text)
	          ->  Seq Scan on cities_173  (cost=0.00..25.00 rows=1 width=4)
	                Filter: ((name)::text ~~ '%Berlin%'::text)
	          ->  Seq Scan on cities_174  (cost=0.00..25.00 rows=1 width=4)
	                Filter: ((name)::text ~~ '%Berlin%'::text)
	          ->  Seq Scan on cities_175  (cost=0.00..25.00 rows=1 width=4)
	                Filter: ((name)::text ~~ '%Berlin%'::text)
	          ->  Seq Scan on cities_176  (cost=0.00..25.00 rows=1 width=4)
	                Filter: ((name)::text ~~ '%Berlin%'::text)
	          ->  Seq Scan on cities_177  (cost=0.00..25.00 rows=1 width=4)
	                Filter: ((name)::text ~~ '%Berlin%'::text)
	          ->  Seq Scan on cities_178  (cost=0.00..25.00 rows=1 width=4)
	                Filter: ((name)::text ~~ '%Berlin%'::text)
	          ->  Seq Scan on cities_179  (cost=0.00..25.00 rows=1 width=4)
	                Filter: ((name)::text ~~ '%Berlin%'::text)
	          ->  Seq Scan on cities_180  (cost=0.00..25.00 rows=1 width=4)
	                Filter: ((name)::text ~~ '%Berlin%'::text)
	          ->  Seq Scan on cities_181  (cost=0.00..25.00 rows=1 width=4)
	                Filter: ((name)::text ~~ '%Berlin%'::text)
	          ->  Seq Scan on cities_182  (cost=0.00..25.00 rows=1 width=4)
	                Filter: ((name)::text ~~ '%Berlin%'::text)
	          ->  Seq Scan on cities_183  (cost=0.00..25.00 rows=1 width=4)
	                Filter: ((name)::text ~~ '%Berlin%'::text)
	          ->  Seq Scan on cities_184  (cost=0.00..25.00 rows=1 width=4)
	                Filter: ((name)::text ~~ '%Berlin%'::text)
	          ->  Seq Scan on cities_185  (cost=0.00..25.00 rows=1 width=4)
	                Filter: ((name)::text ~~ '%Berlin%'::text)
	          ->  Seq Scan on cities_186  (cost=0.00..25.00 rows=1 width=4)
	                Filter: ((name)::text ~~ '%Berlin%'::text)
	          ->  Seq Scan on cities_187  (cost=0.00..25.00 rows=1 width=4)
	                Filter: ((name)::text ~~ '%Berlin%'::text)
	          ->  Seq Scan on cities_188  (cost=0.00..25.00 rows=1 width=4)
	                Filter: ((name)::text ~~ '%Berlin%'::text)
	          ->  Seq Scan on cities_189  (cost=0.00..25.00 rows=1 width=4)
	                Filter: ((name)::text ~~ '%Berlin%'::text)
	          ->  Seq Scan on cities_190  (cost=0.00..25.00 rows=1 width=4)
	                Filter: ((name)::text ~~ '%Berlin%'::text)
	          ->  Seq Scan on cities_191  (cost=0.00..25.00 rows=1 width=4)
	                Filter: ((name)::text ~~ '%Berlin%'::text)
	          ->  Seq Scan on cities_192  (cost=0.00..25.00 rows=1 width=4)
	                Filter: ((name)::text ~~ '%Berlin%'::text)
	          ->  Seq Scan on cities_193  (cost=0.00..25.00 rows=1 width=4)
	                Filter: ((name)::text ~~ '%Berlin%'::text)
	          ->  Seq Scan on cities_194  (cost=0.00..25.00 rows=1 width=4)
	                Filter: ((name)::text ~~ '%Berlin%'::text)
	          ->  Seq Scan on cities_195  (cost=0.00..25.00 rows=1 width=4)
	                Filter: ((name)::text ~~ '%Berlin%'::text)
	          ->  Seq Scan on cities_196  (cost=0.00..25.00 rows=1 width=4)
	                Filter: ((name)::text ~~ '%Berlin%'::text)
	          ->  Seq Scan on cities_197  (cost=0.00..25.00 rows=1 width=4)
	                Filter: ((name)::text ~~ '%Berlin%'::text)
	          ->  Seq Scan on cities_198  (cost=0.00..25.00 rows=1 width=4)
	                Filter: ((name)::text ~~ '%Berlin%'::text)
	          ->  Seq Scan on cities_199  (cost=0.00..25.00 rows=1 width=4)
	                Filter: ((name)::text ~~ '%Berlin%'::text)
	          ->  Seq Scan on cities_200  (cost=0.00..25.00 rows=1 width=4)
	                Filter: ((name)::text ~~ '%Berlin%'::text)
	          ->  Seq Scan on cities_201  (cost=0.00..25.00 rows=1 width=4)
	                Filter: ((name)::text ~~ '%Berlin%'::text)
	          ->  Seq Scan on cities_202  (cost=0.00..25.00 rows=1 width=4)
	                Filter: ((name)::text ~~ '%Berlin%'::text)
	          ->  Seq Scan on cities_203  (cost=0.00..25.00 rows=1 width=4)
	                Filter: ((name)::text ~~ '%Berlin%'::text)
	          ->  Seq Scan on cities_204  (cost=0.00..25.00 rows=1 width=4)
	                Filter: ((name)::text ~~ '%Berlin%'::text)
	          ->  Seq Scan on cities_205  (cost=0.00..25.00 rows=1 width=4)
	                Filter: ((name)::text ~~ '%Berlin%'::text)
	          ->  Seq Scan on cities_206  (cost=0.00..25.00 rows=1 width=4)
	                Filter: ((name)::text ~~ '%Berlin%'::text)
	          ->  Seq Scan on cities_207  (cost=0.00..25.00 rows=1 width=4)
	                Filter: ((name)::text ~~ '%Berlin%'::text)
	          ->  Seq Scan on cities_208  (cost=0.00..25.00 rows=1 width=4)
	                Filter: ((name)::text ~~ '%Berlin%'::text)
	          ->  Seq Scan on cities_209  (cost=0.00..25.00 rows=1 width=4)
	                Filter: ((name)::text ~~ '%Berlin%'::text)
	          ->  Seq Scan on cities_210  (cost=0.00..25.00 rows=1 width=4)
	                Filter: ((name)::text ~~ '%Berlin%'::text)
	          ->  Seq Scan on cities_211  (cost=0.00..25.00 rows=1 width=4)
	                Filter: ((name)::text ~~ '%Berlin%'::text)
	          ->  Seq Scan on cities_212  (cost=0.00..25.00 rows=1 width=4)
	                Filter: ((name)::text ~~ '%Berlin%'::text)
	          ->  Seq Scan on cities_213  (cost=0.00..25.00 rows=1 width=4)
	                Filter: ((name)::text ~~ '%Berlin%'::text)
	          ->  Seq Scan on cities_214  (cost=0.00..25.00 rows=1 width=4)
	                Filter: ((name)::text ~~ '%Berlin%'::text)
	          ->  Seq Scan on cities_215  (cost=0.00..25.00 rows=1 width=4)
	                Filter: ((name)::text ~~ '%Berlin%'::text)
	          ->  Seq Scan on cities_216  (cost=0.00..25.00 rows=1 width=4)
	                Filter: ((name)::text ~~ '%Berlin%'::text)
	          ->  Seq Scan on cities_217  (cost=0.00..25.00 rows=1 width=4)
	                Filter: ((name)::text ~~ '%Berlin%'::text)
	          ->  Seq Scan on cities_218  (cost=0.00..25.00 rows=1 width=4)
	                Filter: ((name)::text ~~ '%Berlin%'::text)
	          ->  Seq Scan on cities_219  (cost=0.00..25.00 rows=1 width=4)
	                Filter: ((name)::text ~~ '%Berlin%'::text)
	          ->  Seq Scan on cities_220  (cost=0.00..25.00 rows=1 width=4)
	                Filter: ((name)::text ~~ '%Berlin%'::text)
	          ->  Seq Scan on cities_221  (cost=0.00..25.00 rows=1 width=4)
	                Filter: ((name)::text ~~ '%Berlin%'::text)
	          ->  Seq Scan on cities_222  (cost=0.00..25.00 rows=1 width=4)
	                Filter: ((name)::text ~~ '%Berlin%'::text)
	          ->  Seq Scan on cities_223  (cost=0.00..25.00 rows=1 width=4)
	                Filter: ((name)::text ~~ '%Berlin%'::text)
	  ->  Result  (cost=0.00..0.01 rows=1 width=48)
2020-12-14 16:23:56.925 CET [27869] LOG:  duration: 0.016 ms  plan:
	Query Text: SELECT 1 FROM ONLY "public"."stations" x WHERE "station_id" OPERATOR(pg_catalog.=) $1 FOR KEY SHARE OF x
	LockRows  (cost=0.29..8.31 rows=1 width=10)
	  ->  Index Scan using stations_pkey on stations x  (cost=0.29..8.30 rows=1 width=10)
	        Index Cond: (station_id = 20002)
```
	  
## Create routes

```sql
Query Text: INSERT INTO routes (start_station, end_station, distance, max_speed) VALUES
	((
			SELECT station_id FROM stations WHERE name = 'Görlitz HBF'
		), (
			SELECT station_id FROM stations WHERE name = 'Berlin Görlitzer Bhf'
		), 220, 300
	),
	((
			SELECT station_id FROM stations WHERE name = 'Berlin Görlitzer Bhf'
		), (
			SELECT station_id FROM stations WHERE name = 'Görlitz HBF'
		), 220, 300
	);
	Insert on routes  (cost=1610.35..1610.38 rows=2 width=20)
	  InitPlan 1 (returns $0)
	    ->  Seq Scan on stations  (cost=0.00..402.59 rows=99 width=4)
	          Filter: ((name)::text = 'Görlitz HBF'::text)
	  InitPlan 2 (returns $1)
	    ->  Seq Scan on stations stations_1  (cost=0.00..402.59 rows=99 width=4)
	          Filter: ((name)::text = 'Berlin Görlitzer Bhf'::text)
	  InitPlan 3 (returns $2)
	    ->  Seq Scan on stations stations_2  (cost=0.00..402.59 rows=99 width=4)
	          Filter: ((name)::text = 'Berlin Görlitzer Bhf'::text)
	  InitPlan 4 (returns $3)
	    ->  Seq Scan on stations stations_3  (cost=0.00..402.59 rows=99 width=4)
	          Filter: ((name)::text = 'Görlitz HBF'::text)
	  ->  Values Scan on "*VALUES*"  (cost=0.00..0.04 rows=2 width=20)
```

## Insert connections

```sql
Query Text: WITH selected_routes AS (
		SELECT * FROM routes
		WHERE start_station = (
			SELECT station_id FROM stations WHERE name = 'Görlitz HBF'
		) OR start_station = (
			SELECT station_id FROM stations WHERE name = 'Berlin Görlitzer Bhf'
		) OR end_station = (
			SELECT station_id FROM stations WHERE name = 'Görlitz HBF'
		) OR end_station = (
			SELECT station_id FROM stations WHERE name = 'Berlin Görlitzer Bhf'
		)
	),
	train AS(
		SELECT * FROM trains
		WHERE train_id = 'bywdfevctetzjdwvofemzctyerwshr'
	),
	starting_times AS (
		SELECT start_time
		FROM  generate_series(
			now(), now() + interval '1 year', interval '1 hour'
		) AS start_time
	)
	INSERT INTO schedule (route, train, start_time, end_time)
	(
		SELECT route_id, train_id, start_time, ending_times.calc
		FROM selected_routes AS sr1
		CROSS JOIN train
		CROSS JOIN starting_times
		CROSS JOIN LATERAL (
			SELECT calc_end_time(start_time::timestamp, (
				SELECT max_speed FROM train_types JOIN train ON train_type = train_type_id
			), (
				SELECT distance FROM selected_routes AS sr2 WHERE sr1.route_id = sr2.route_id
			), (
				SELECT max_speed FROM selected_routes AS sr3 WHERE sr1.route_id = sr3.route_id
			)) AS calc
		) AS ending_times
	);
	Insert on schedule  (cost=2154.80..7831997.56 rows=388000 width=56)
	  CTE selected_routes
	    ->  Seq Scan on routes  (cost=1610.35..2126.61 rows=388 width=20)
	          Filter: ((start_station = $0) OR (start_station = $1) OR (end_station = $2) OR (end_station = $3))
	          InitPlan 1 (returns $0)
	            ->  Seq Scan on stations  (cost=0.00..402.59 rows=99 width=4)
	                  Filter: ((name)::text = 'Görlitz HBF'::text)
	          InitPlan 2 (returns $1)
	            ->  Seq Scan on stations stations_1  (cost=0.00..402.59 rows=99 width=4)
	                  Filter: ((name)::text = 'Berlin Görlitzer Bhf'::text)
	          InitPlan 3 (returns $2)
	            ->  Seq Scan on stations stations_2  (cost=0.00..402.59 rows=99 width=4)
	                  Filter: ((name)::text = 'Görlitz HBF'::text)
	          InitPlan 4 (returns $3)
	            ->  Seq Scan on stations stations_3  (cost=0.00..402.59 rows=99 width=4)
	                  Filter: ((name)::text = 'Berlin Görlitzer Bhf'::text)
	  CTE train
	    ->  Index Scan using trains_pkey on trains  (cost=0.29..8.30 rows=1 width=48)
	          Index Cond: ((train_id)::text = 'bywdfevctetzjdwvofemzctyerwshr'::text)
	  ->  Nested Loop  (cost=19.89..7829862.64 rows=388000 width=56)
	        ->  Nested Loop  (cost=0.01..4872.64 rows=388000 width=44)
	              ->  Function Scan on generate_series start_time  (cost=0.01..10.01 rows=1000 width=8)
	              ->  Materialize  (cost=0.00..13.60 rows=388 width=36)
	                    ->  Nested Loop  (cost=0.00..11.66 rows=388 width=36)
	                          ->  CTE Scan on train  (cost=0.00..0.02 rows=1 width=32)
	                          ->  CTE Scan on selected_routes sr1  (cost=0.00..7.76 rows=388 width=4)
	        ->  Result  (cost=19.88..20.14 rows=1 width=8)
	              InitPlan 7 (returns $6)
	                ->  Hash Join  (cost=0.03..2.42 rows=1 width=4)
	                      Hash Cond: (train_types.train_type_id = train_1.train_type)
	                      ->  Seq Scan on train_types  (cost=0.00..2.00 rows=100 width=8)
	                      ->  Hash  (cost=0.02..0.02 rows=1 width=4)
	                            Buckets: 1024  Batches: 1  Memory Usage: 9kB
	                            ->  CTE Scan on train train_1  (cost=0.00..0.02 rows=1 width=4)
	              InitPlan 8 (returns $8)
	                ->  CTE Scan on selected_routes sr2  (cost=0.00..8.73 rows=2 width=4)
	                      Filter: ($7 = route_id)
	              InitPlan 9 (returns $9)
	                ->  CTE Scan on selected_routes sr3  (cost=0.00..8.73 rows=2 width=4)
	                      Filter: ($7 = route_id)
	JIT:
	  Functions: 49
	  Options: Inlining true, Optimization true, Expressions true, Deforming true
```
